#
# There is insufficient memory for the Java Runtime Environment to continue.
# Native memory allocation (malloc) failed to allocate 1569456 bytes. Error detail: Chunk::new
# Possible reasons:
#   The system is out of physical RAM or swap space
#   This process is running with CompressedOops enabled, and the Java Heap may be blocking the growth of the native heap
# Possible solutions:
#   Reduce memory load on the system
#   Increase physical memory or swap space
#   Check if swap backing store is full
#   Decrease Java heap size (-Xmx/-Xms)
#   Decrease number of Java threads
#   Decrease Java thread stack sizes (-Xss)
#   Set larger code cache with -XX:ReservedCodeCacheSize=
#   JVM is running with Unscaled Compressed Oops mode in which the Java heap is
#     placed in the first 4GB address space. The Java Heap base address is the
#     maximum limit for the native heap growth. Please use -XX:HeapBaseMinAddress
#     to set the Java Heap base and to place the Java Heap above 4GB virtual address.
# This output file may be truncated or incomplete.
#
#  Out of Memory Error (arena.cpp:168), pid=18412, tid=12188
#
# JRE version: OpenJDK Runtime Environment (21.0.8) (build 21.0.8+-14196175-b1038.72)
# Java VM: OpenJDK 64-Bit Server VM (21.0.8+-14196175-b1038.72, mixed mode, tiered, compressed oops, compressed class ptrs, g1 gc, windows-amd64)
# No core dump will be written. Minidumps are not enabled by default on client versions of Windows
#

---------------  S U M M A R Y ------------

Command Line: --add-opens=java.base/java.util=ALL-UNNAMED --add-opens=java.base/java.lang=ALL-UNNAMED --add-opens=java.base/java.lang.invoke=ALL-UNNAMED --add-opens=java.prefs/java.util.prefs=ALL-UNNAMED --add-opens=java.base/java.nio.charset=ALL-UNNAMED --add-opens=java.base/java.net=ALL-UNNAMED --add-opens=java.base/java.util.concurrent.atomic=ALL-UNNAMED -XX:MaxMetaspaceSize=384m -XX:+HeapDumpOnOutOfMemoryError -Xms256m -Xmx512m -Dfile.encoding=UTF-8 -Duser.country=US -Duser.language=en -Duser.variant -javaagent:C:\Users\user\.gradle\wrapper\dists\gradle-8.7-all\aan3ydargesu18aqyqjwhr3pc\gradle-8.7\lib\agents\gradle-instrumentation-agent-8.7.jar org.gradle.launcher.daemon.bootstrap.GradleDaemon 8.7

Host: AMD Ryzen 5 5600G with Radeon Graphics         , 12 cores, 15G,  Windows 11 , 64 bit Build 26100 (10.0.26100.7523)
Time: Sat Jan 24 17:28:00 2026 India Standard Time elapsed time: 5.208055 seconds (0d 0h 0m 5s)

---------------  T H R E A D  ---------------

Current thread (0x000001ddae6cd170):  JavaThread "C2 CompilerThread2" daemon [_thread_in_native, id=12188, stack(0x0000008952300000,0x0000008952400000) (1024K)]


Current CompileTask:
C2:5208 5150   !   4       java.lang.ClassLoader::loadClass (121 bytes)

Stack: [0x0000008952300000,0x0000008952400000]
Native frames: (J=compiled Java code, j=interpreted, Vv=VM code, C=native code)
V  [jvm.dll+0x6d68d9]
V  [jvm.dll+0x866693]
V  [jvm.dll+0x868c4e]
V  [jvm.dll+0x869333]
V  [jvm.dll+0x280566]
V  [jvm.dll+0xc07cd]
V  [jvm.dll+0xc0d03]
V  [jvm.dll+0x3b95e1]
V  [jvm.dll+0x1dfb24]
V  [jvm.dll+0x2493a4]
V  [jvm.dll+0x248821]
V  [jvm.dll+0x1c73a4]
V  [jvm.dll+0x257f9e]
V  [jvm.dll+0x2564e6]
V  [jvm.dll+0x3f4696]
V  [jvm.dll+0x80eac8]
V  [jvm.dll+0x6d512d]
C  [ucrtbase.dll+0x37b0]
C  [KERNEL32.DLL+0x2e8d7]
C  [ntdll.dll+0x8c3dc]


---------------  P R O C E S S  ---------------

Threads class SMR info:
_java_thread_list=0x000001ddafc5bdf0, length=50, elements={
0x000001dd8ee5ef20, 0x000001dda4c42a30, 0x000001dda4c6b3e0, 0x000001dda4c7fac0,
0x000001dda4c92a10, 0x000001dda4c9fb70, 0x000001dda4caa5f0, 0x000001dda4cb2890,
0x000001dda4cb9de0, 0x000001dda4cbb890, 0x000001dda4cb4960, 0x000001dda5265080,
0x000001dda4cb2f20, 0x000001dda4cb35b0, 0x000001dda4cb4ff0, 0x000001dda4cb42d0,
0x000001dda4cb5680, 0x000001dda4cb2200, 0x000001ddab289a30, 0x000001ddab28b470,
0x000001ddab28a750, 0x000001ddab28ade0, 0x000001ddab2893a0, 0x000001ddab28bb00,
0x000001ddab28c190, 0x000001ddab28ef80, 0x000001ddab28e260, 0x000001ddab28f610,
0x000001ddab28c820, 0x000001ddab290330, 0x000001ddab28ceb0, 0x000001ddab28dbd0,
0x000001ddab28d540, 0x000001ddab28e8f0, 0x000001ddae6cd170, 0x000001ddacde0180,
0x000001ddacde3c90, 0x000001ddacde28e0, 0x000001ddacde4320, 0x000001ddacde1530,
0x000001ddacde0ea0, 0x000001ddacde49b0, 0x000001ddacde5040, 0x000001ddacde1bc0,
0x000001ddacde56d0, 0x000001ddacde2f70, 0x000001ddacde2250, 0x000001ddacde6a80,
0x000001ddacde63f0, 0x000001ddacde7110
}

Java Threads: ( => current thread )
  0x000001dd8ee5ef20 JavaThread "main"                              [_thread_blocked, id=3864, stack(0x000000894f800000,0x000000894f900000) (1024K)]
  0x000001dda4c42a30 JavaThread "Common-Cleaner"             daemon [_thread_blocked, id=18040, stack(0x0000008950000000,0x0000008950100000) (1024K)]
  0x000001dda4c6b3e0 JavaThread "Reference Handler"          daemon [_thread_blocked, id=6996, stack(0x0000008950100000,0x0000008950200000) (1024K)]
  0x000001dda4c7fac0 JavaThread "Finalizer"                  daemon [_thread_blocked, id=19116, stack(0x0000008950200000,0x0000008950300000) (1024K)]
  0x000001dda4c92a10 JavaThread "Signal Dispatcher"          daemon [_thread_blocked, id=7568, stack(0x0000008950300000,0x0000008950400000) (1024K)]
  0x000001dda4c9fb70 JavaThread "Attach Listener"            daemon [_thread_blocked, id=13704, stack(0x0000008950400000,0x0000008950500000) (1024K)]
  0x000001dda4caa5f0 JavaThread "Service Thread"             daemon [_thread_blocked, id=20632, stack(0x0000008950500000,0x0000008950600000) (1024K)]
  0x000001dda4cb2890 JavaThread "Monitor Deflation Thread"   daemon [_thread_blocked, id=6524, stack(0x0000008950600000,0x0000008950700000) (1024K)]
  0x000001dda4cb9de0 JavaThread "C2 CompilerThread0"         daemon [_thread_in_native, id=26776, stack(0x0000008950700000,0x0000008950800000) (1024K)]
  0x000001dda4cbb890 JavaThread "C1 CompilerThread0"         daemon [_thread_blocked, id=24740, stack(0x0000008950800000,0x0000008950900000) (1024K)]
  0x000001dda4cb4960 JavaThread "Notification Thread"        daemon [_thread_blocked, id=2544, stack(0x0000008950900000,0x0000008950a00000) (1024K)]
  0x000001dda5265080 JavaThread "C2 CompilerThread1"         daemon [_thread_in_native, id=19036, stack(0x0000008950a00000,0x0000008950b00000) (1024K)]
  0x000001dda4cb2f20 JavaThread "Daemon health stats"               [_thread_blocked, id=12168, stack(0x0000008951000000,0x0000008951100000) (1024K)]
  0x000001dda4cb35b0 JavaThread "Incoming local TCP Connector on port 62592"        [_thread_in_native, id=9312, stack(0x0000008951100000,0x0000008951200000) (1024K)]
  0x000001dda4cb4ff0 JavaThread "Daemon periodic checks"            [_thread_blocked, id=4892, stack(0x0000008951200000,0x0000008951300000) (1024K)]
  0x000001dda4cb42d0 JavaThread "Daemon"                            [_thread_blocked, id=5948, stack(0x0000008951300000,0x0000008951400000) (1024K)]
  0x000001dda4cb5680 JavaThread "Handler for socket connection from /127.0.0.1:62592 to /127.0.0.1:62593"        [_thread_in_native, id=12660, stack(0x0000008951400000,0x0000008951500000) (1024K)]
  0x000001dda4cb2200 JavaThread "Cancel handler"                    [_thread_blocked, id=19852, stack(0x0000008951500000,0x0000008951600000) (1024K)]
  0x000001ddab289a30 JavaThread "Daemon worker"                     [_thread_in_vm, id=25548, stack(0x0000008951600000,0x0000008951700000) (1024K)]
  0x000001ddab28b470 JavaThread "Asynchronous log dispatcher for DefaultDaemonConnection: socket connection from /127.0.0.1:62592 to /127.0.0.1:62593"        [_thread_blocked, id=2256, stack(0x0000008951700000,0x0000008951800000) (1024K)]
  0x000001ddab28a750 JavaThread "Stdin handler"                     [_thread_blocked, id=3824, stack(0x0000008951800000,0x0000008951900000) (1024K)]
  0x000001ddab28ade0 JavaThread "Daemon client event forwarder"        [_thread_blocked, id=22592, stack(0x0000008951900000,0x0000008951a00000) (1024K)]
  0x000001ddab2893a0 JavaThread "Cache worker for journal cache (C:\Users\user\.gradle\caches\journal-1)"        [_thread_blocked, id=10692, stack(0x0000008952000000,0x0000008952100000) (1024K)]
  0x000001ddab28bb00 JavaThread "File lock request listener"        [_thread_in_native, id=23024, stack(0x0000008952100000,0x0000008952200000) (1024K)]
  0x000001ddab28c190 JavaThread "Cache worker for file hash cache (C:\Users\user\.gradle\caches\8.7\fileHashes)"        [_thread_blocked, id=4692, stack(0x0000008952200000,0x0000008952300000) (1024K)]
  0x000001ddab28ef80 JavaThread "Cache worker for file hash cache (E:\quiet-frame\.gradle\8.7\fileHashes)"        [_thread_blocked, id=27468, stack(0x0000008952400000,0x0000008952500000) (1024K)]
  0x000001ddab28e260 JavaThread "File watcher server"        daemon [_thread_in_native, id=6796, stack(0x0000008952500000,0x0000008952600000) (1024K)]
  0x000001ddab28f610 JavaThread "File watcher consumer"      daemon [_thread_blocked, id=21832, stack(0x0000008952600000,0x0000008952700000) (1024K)]
  0x000001ddab28c820 JavaThread "Cache worker for checksums cache (E:\quiet-frame\.gradle\8.7\checksums)"        [_thread_blocked, id=7784, stack(0x0000008952700000,0x0000008952800000) (1024K)]
  0x000001ddab290330 JavaThread "Cache worker for cache directory md-supplier (C:\Users\user\.gradle\caches\8.7\md-supplier)"        [_thread_blocked, id=21604, stack(0x0000008952800000,0x0000008952900000) (1024K)]
  0x000001ddab28ceb0 JavaThread "Cache worker for cache directory md-rule (C:\Users\user\.gradle\caches\8.7\md-rule)"        [_thread_blocked, id=20932, stack(0x0000008952900000,0x0000008952a00000) (1024K)]
  0x000001ddab28dbd0 JavaThread "Cache worker for file content cache (C:\Users\user\.gradle\caches\8.7\fileContent)"        [_thread_blocked, id=15528, stack(0x0000008952a00000,0x0000008952b00000) (1024K)]
  0x000001ddab28d540 JavaThread "jar transforms"                    [_thread_blocked, id=19180, stack(0x0000008952b00000,0x0000008952c00000) (1024K)]
  0x000001ddab28e8f0 JavaThread "jar transforms Thread 2"           [_thread_blocked, id=20460, stack(0x0000008952c00000,0x0000008952d00000) (1024K)]
=>0x000001ddae6cd170 JavaThread "C2 CompilerThread2"         daemon [_thread_in_native, id=12188, stack(0x0000008952300000,0x0000008952400000) (1024K)]
  0x000001ddacde0180 JavaThread "jar transforms Thread 3"           [_thread_blocked, id=22128, stack(0x0000008952d00000,0x0000008952e00000) (1024K)]
  0x000001ddacde3c90 JavaThread "Unconstrained build operations"        [_thread_blocked, id=6644, stack(0x0000008952e00000,0x0000008952f00000) (1024K)]
  0x000001ddacde28e0 JavaThread "Unconstrained build operations Thread 2"        [_thread_blocked, id=5748, stack(0x0000008952f00000,0x0000008953000000) (1024K)]
  0x000001ddacde4320 JavaThread "Unconstrained build operations Thread 3"        [_thread_blocked, id=17168, stack(0x0000008953000000,0x0000008953100000) (1024K)]
  0x000001ddacde1530 JavaThread "Unconstrained build operations Thread 4"        [_thread_blocked, id=19344, stack(0x0000008953100000,0x0000008953200000) (1024K)]
  0x000001ddacde0ea0 JavaThread "Unconstrained build operations Thread 5"        [_thread_blocked, id=19124, stack(0x0000008953200000,0x0000008953300000) (1024K)]
  0x000001ddacde49b0 JavaThread "jar transforms Thread 4"           [_thread_blocked, id=11724, stack(0x0000008953300000,0x0000008953400000) (1024K)]
  0x000001ddacde5040 JavaThread "jar transforms Thread 5"           [_thread_blocked, id=23092, stack(0x0000008953400000,0x0000008953500000) (1024K)]
  0x000001ddacde1bc0 JavaThread "jar transforms Thread 6"           [_thread_blocked, id=16456, stack(0x0000008953500000,0x0000008953600000) (1024K)]
  0x000001ddacde56d0 JavaThread "jar transforms Thread 7"           [_thread_blocked, id=9660, stack(0x0000008953600000,0x0000008953700000) (1024K)]
  0x000001ddacde2f70 JavaThread "jar transforms Thread 8"           [_thread_blocked, id=25128, stack(0x0000008953700000,0x0000008953800000) (1024K)]
  0x000001ddacde2250 JavaThread "jar transforms Thread 9"           [_thread_blocked, id=24896, stack(0x0000008953800000,0x0000008953900000) (1024K)]
  0x000001ddacde6a80 JavaThread "jar transforms Thread 10"          [_thread_blocked, id=13936, stack(0x0000008953900000,0x0000008953a00000) (1024K)]
  0x000001ddacde63f0 JavaThread "Cache worker for Build Output Cleanup Cache (E:\quiet-frame\.gradle\buildOutputCleanup)"        [_thread_blocked, id=15624, stack(0x0000008953a00000,0x0000008953b00000) (1024K)]
  0x000001ddacde7110 JavaThread "jar transforms Thread 11"          [_thread_blocked, id=5724, stack(0x0000008953b00000,0x0000008953c00000) (1024K)]
Total: 50

Other Threads:
  0x000001dda4b0c810 VMThread "VM Thread"                           [id=5436, stack(0x000000894ff00000,0x0000008950000000) (1024K)]
  0x000001dda4b00170 WatcherThread "VM Periodic Task Thread"        [id=26240, stack(0x000000894fe00000,0x000000894ff00000) (1024K)]
  0x000001dd8ee8a900 WorkerThread "GC Thread#0"                     [id=26352, stack(0x000000894f900000,0x000000894fa00000) (1024K)]
  0x000001dda4b0ddd0 WorkerThread "GC Thread#1"                     [id=7664, stack(0x0000008950b00000,0x0000008950c00000) (1024K)]
  0x000001dda4b0da30 WorkerThread "GC Thread#2"                     [id=8728, stack(0x0000008950c00000,0x0000008950d00000) (1024K)]
  0x000001dda4b0cbb0 WorkerThread "GC Thread#3"                     [id=14340, stack(0x0000008950d00000,0x0000008950e00000) (1024K)]
  0x000001dda4b0cf50 WorkerThread "GC Thread#4"                     [id=22616, stack(0x0000008950e00000,0x0000008950f00000) (1024K)]
  0x000001dda4b0d690 WorkerThread "GC Thread#5"                     [id=26288, stack(0x0000008950f00000,0x0000008951000000) (1024K)]
  0x000001dda4b0c470 WorkerThread "GC Thread#6"                     [id=1296, stack(0x0000008951a00000,0x0000008951b00000) (1024K)]
  0x000001ddab3d37e0 WorkerThread "GC Thread#7"                     [id=9620, stack(0x0000008951b00000,0x0000008951c00000) (1024K)]
  0x000001ddab3d4da0 WorkerThread "GC Thread#8"                     [id=7452, stack(0x0000008951c00000,0x0000008951d00000) (1024K)]
  0x000001ddab3d25c0 WorkerThread "GC Thread#9"                     [id=14304, stack(0x0000008951d00000,0x0000008951e00000) (1024K)]
  0x000001dd8ee900f0 ConcurrentGCThread "G1 Main Marker"            [id=6600, stack(0x000000894fa00000,0x000000894fb00000) (1024K)]
  0x000001dd8c65ab20 WorkerThread "G1 Conc#0"                       [id=17656, stack(0x000000894fb00000,0x000000894fc00000) (1024K)]
  0x000001ddab3d3440 WorkerThread "G1 Conc#1"                       [id=7892, stack(0x0000008951e00000,0x0000008951f00000) (1024K)]
  0x000001ddab3d4660 WorkerThread "G1 Conc#2"                       [id=8504, stack(0x0000008951f00000,0x0000008952000000) (1024K)]
  0x000001dda4a4f4b0 ConcurrentGCThread "G1 Refine#0"               [id=13712, stack(0x000000894fc00000,0x000000894fd00000) (1024K)]
  0x000001dda4a50ed0 ConcurrentGCThread "G1 Service"                [id=25772, stack(0x000000894fd00000,0x000000894fe00000) (1024K)]
Total: 18

Threads with active compile tasks:
C2 CompilerThread0  6294 5303   !   4       java.net.URLClassLoader::findClass (47 bytes)
C2 CompilerThread1  6294 5305       4       java.util.jar.JarFile::getManifest (5 bytes)
C2 CompilerThread2  6294 5150   !   4       java.lang.ClassLoader::loadClass (121 bytes)
Total: 3

VM state: not at safepoint (normal execution)

VM Mutex/Monitor currently owned by a thread: None

Heap address: 0x00000000e0000000, size: 512 MB, Compressed Oops mode: 32-bit

CDS archive(s) not mapped
Compressed class space mapped at: 0x0000000100000000-0x0000000114000000, reserved size: 335544320
Narrow klass base: 0x0000000000000000, Narrow klass shift: 3, Narrow klass range: 0x114000000

GC Precious Log:
 CardTable entry size: 512
 Card Set container configuration: InlinePtr #cards 5 size 8 Array Of Cards #cards 12 size 40 Howl #buckets 4 coarsen threshold 1843 Howl Bitmap #cards 512 size 80 coarsen threshold 460 Card regions per heap region 1 cards per card region 2048
 CPUs: 12 total, 12 available
 Memory: 15741M
 Large Page Support: Disabled
 NUMA Support: Disabled
 Compressed Oops: Enabled (32-bit)
 Heap Region Size: 1M
 Heap Min Capacity: 256M
 Heap Initial Capacity: 256M
 Heap Max Capacity: 512M
 Pre-touch: Disabled
 Parallel Workers: 10
 Concurrent Workers: 3
 Concurrent Refinement Workers: 10
 Periodic GC: Disabled

Heap:
 garbage-first heap   total 262144K, used 77465K [0x00000000e0000000, 0x0000000100000000)
  region size 1024K, 55 young (56320K), 19 survivors (19456K)
 Metaspace       used 59533K, committed 61056K, reserved 393216K
  class space    used 8356K, committed 9088K, reserved 327680K

Heap Regions: E=young(eden), S=young(survivor), O=old, HS=humongous(starts), HC=humongous(continues), CS=collection set, F=free, TAMS=top-at-mark-start, PB=parsable bottom
|   0|0x00000000e0000000, 0x00000000e0100000, 0x00000000e0100000|100%|HS|  |TAMS 0x00000000e0000000| PB 0x00000000e0000000| Complete 
|   1|0x00000000e0100000, 0x00000000e0200000, 0x00000000e0200000|100%|HC|  |TAMS 0x00000000e0100000| PB 0x00000000e0100000| Complete 
|   2|0x00000000e0200000, 0x00000000e0300000, 0x00000000e0300000|100%|HC|  |TAMS 0x00000000e0200000| PB 0x00000000e0200000| Complete 
|   3|0x00000000e0300000, 0x00000000e0400000, 0x00000000e0400000|100%|HC|  |TAMS 0x00000000e0300000| PB 0x00000000e0300000| Complete 
|   4|0x00000000e0400000, 0x00000000e0500000, 0x00000000e0500000|100%| O|  |TAMS 0x00000000e0400000| PB 0x00000000e0400000| Untracked 
|   5|0x00000000e0500000, 0x00000000e0600000, 0x00000000e0600000|100%|HS|  |TAMS 0x00000000e0500000| PB 0x00000000e0500000| Complete 
|   6|0x00000000e0600000, 0x00000000e0700000, 0x00000000e0700000|100%| O|  |TAMS 0x00000000e0600000| PB 0x00000000e0600000| Untracked 
|   7|0x00000000e0700000, 0x00000000e0800000, 0x00000000e0800000|100%| O|  |TAMS 0x00000000e0700000| PB 0x00000000e0700000| Untracked 
|   8|0x00000000e0800000, 0x00000000e0900000, 0x00000000e0900000|100%| O|  |TAMS 0x00000000e0800000| PB 0x00000000e0800000| Untracked 
|   9|0x00000000e0900000, 0x00000000e0a00000, 0x00000000e0a00000|100%| O|  |TAMS 0x00000000e0900000| PB 0x00000000e0900000| Untracked 
|  10|0x00000000e0a00000, 0x00000000e0b00000, 0x00000000e0b00000|100%| O|  |TAMS 0x00000000e0a00000| PB 0x00000000e0a00000| Untracked 
|  11|0x00000000e0b00000, 0x00000000e0c00000, 0x00000000e0c00000|100%| O|  |TAMS 0x00000000e0b00000| PB 0x00000000e0b00000| Untracked 
|  12|0x00000000e0c00000, 0x00000000e0d00000, 0x00000000e0d00000|100%| O|  |TAMS 0x00000000e0c00000| PB 0x00000000e0c00000| Untracked 
|  13|0x00000000e0d00000, 0x00000000e0e00000, 0x00000000e0e00000|100%| O|  |TAMS 0x00000000e0d00000| PB 0x00000000e0d00000| Untracked 
|  14|0x00000000e0e00000, 0x00000000e0f00000, 0x00000000e0f00000|100%| O|  |TAMS 0x00000000e0e00000| PB 0x00000000e0e00000| Untracked 
|  15|0x00000000e0f00000, 0x00000000e1000000, 0x00000000e1000000|100%| O|  |TAMS 0x00000000e0f00000| PB 0x00000000e0f00000| Untracked 
|  16|0x00000000e1000000, 0x00000000e1100000, 0x00000000e1100000|100%| O|  |TAMS 0x00000000e1000000| PB 0x00000000e1000000| Untracked 
|  17|0x00000000e1100000, 0x00000000e1200000, 0x00000000e1200000|100%| O|  |TAMS 0x00000000e1100000| PB 0x00000000e1100000| Untracked 
|  18|0x00000000e1200000, 0x00000000e1300000, 0x00000000e1300000|100%| O|  |TAMS 0x00000000e1200000| PB 0x00000000e1200000| Untracked 
|  19|0x00000000e1300000, 0x00000000e1330600, 0x00000000e1400000| 18%| O|  |TAMS 0x00000000e1300000| PB 0x00000000e1300000| Untracked 
|  20|0x00000000e1400000, 0x00000000e1500000, 0x00000000e1500000|100%|HS|  |TAMS 0x00000000e1400000| PB 0x00000000e1400000| Complete 
|  21|0x00000000e1500000, 0x00000000e1500000, 0x00000000e1600000|  0%| F|  |TAMS 0x00000000e1500000| PB 0x00000000e1500000| Untracked 
|  22|0x00000000e1600000, 0x00000000e1600000, 0x00000000e1700000|  0%| F|  |TAMS 0x00000000e1600000| PB 0x00000000e1600000| Untracked 
|  23|0x00000000e1700000, 0x00000000e1700000, 0x00000000e1800000|  0%| F|  |TAMS 0x00000000e1700000| PB 0x00000000e1700000| Untracked 
|  24|0x00000000e1800000, 0x00000000e1900000, 0x00000000e1900000|100%|HS|  |TAMS 0x00000000e1800000| PB 0x00000000e1800000| Complete 
|  25|0x00000000e1900000, 0x00000000e1a00000, 0x00000000e1a00000|100%|HC|  |TAMS 0x00000000e1900000| PB 0x00000000e1900000| Complete 
|  26|0x00000000e1a00000, 0x00000000e1a00000, 0x00000000e1b00000|  0%| F|  |TAMS 0x00000000e1a00000| PB 0x00000000e1a00000| Untracked 
|  27|0x00000000e1b00000, 0x00000000e1b00000, 0x00000000e1c00000|  0%| F|  |TAMS 0x00000000e1b00000| PB 0x00000000e1b00000| Untracked 
|  28|0x00000000e1c00000, 0x00000000e1c00000, 0x00000000e1d00000|  0%| F|  |TAMS 0x00000000e1c00000| PB 0x00000000e1c00000| Untracked 
|  29|0x00000000e1d00000, 0x00000000e1d00000, 0x00000000e1e00000|  0%| F|  |TAMS 0x00000000e1d00000| PB 0x00000000e1d00000| Untracked 
|  30|0x00000000e1e00000, 0x00000000e1e00000, 0x00000000e1f00000|  0%| F|  |TAMS 0x00000000e1e00000| PB 0x00000000e1e00000| Untracked 
|  31|0x00000000e1f00000, 0x00000000e1f00000, 0x00000000e2000000|  0%| F|  |TAMS 0x00000000e1f00000| PB 0x00000000e1f00000| Untracked 
|  32|0x00000000e2000000, 0x00000000e2000000, 0x00000000e2100000|  0%| F|  |TAMS 0x00000000e2000000| PB 0x00000000e2000000| Untracked 
|  33|0x00000000e2100000, 0x00000000e2100000, 0x00000000e2200000|  0%| F|  |TAMS 0x00000000e2100000| PB 0x00000000e2100000| Untracked 
|  34|0x00000000e2200000, 0x00000000e2200000, 0x00000000e2300000|  0%| F|  |TAMS 0x00000000e2200000| PB 0x00000000e2200000| Untracked 
|  35|0x00000000e2300000, 0x00000000e2300000, 0x00000000e2400000|  0%| F|  |TAMS 0x00000000e2300000| PB 0x00000000e2300000| Untracked 
|  36|0x00000000e2400000, 0x00000000e2400000, 0x00000000e2500000|  0%| F|  |TAMS 0x00000000e2400000| PB 0x00000000e2400000| Untracked 
|  37|0x00000000e2500000, 0x00000000e2500000, 0x00000000e2600000|  0%| F|  |TAMS 0x00000000e2500000| PB 0x00000000e2500000| Untracked 
|  38|0x00000000e2600000, 0x00000000e2600000, 0x00000000e2700000|  0%| F|  |TAMS 0x00000000e2600000| PB 0x00000000e2600000| Untracked 
|  39|0x00000000e2700000, 0x00000000e2700000, 0x00000000e2800000|  0%| F|  |TAMS 0x00000000e2700000| PB 0x00000000e2700000| Untracked 
|  40|0x00000000e2800000, 0x00000000e2800000, 0x00000000e2900000|  0%| F|  |TAMS 0x00000000e2800000| PB 0x00000000e2800000| Untracked 
|  41|0x00000000e2900000, 0x00000000e2900000, 0x00000000e2a00000|  0%| F|  |TAMS 0x00000000e2900000| PB 0x00000000e2900000| Untracked 
|  42|0x00000000e2a00000, 0x00000000e2a00000, 0x00000000e2b00000|  0%| F|  |TAMS 0x00000000e2a00000| PB 0x00000000e2a00000| Untracked 
|  43|0x00000000e2b00000, 0x00000000e2b00000, 0x00000000e2c00000|  0%| F|  |TAMS 0x00000000e2b00000| PB 0x00000000e2b00000| Untracked 
|  44|0x00000000e2c00000, 0x00000000e2c00000, 0x00000000e2d00000|  0%| F|  |TAMS 0x00000000e2c00000| PB 0x00000000e2c00000| Untracked 
|  45|0x00000000e2d00000, 0x00000000e2d00000, 0x00000000e2e00000|  0%| F|  |TAMS 0x00000000e2d00000| PB 0x00000000e2d00000| Untracked 
|  46|0x00000000e2e00000, 0x00000000e2e00000, 0x00000000e2f00000|  0%| F|  |TAMS 0x00000000e2e00000| PB 0x00000000e2e00000| Untracked 
|  47|0x00000000e2f00000, 0x00000000e2f00000, 0x00000000e3000000|  0%| F|  |TAMS 0x00000000e2f00000| PB 0x00000000e2f00000| Untracked 
|  48|0x00000000e3000000, 0x00000000e3000000, 0x00000000e3100000|  0%| F|  |TAMS 0x00000000e3000000| PB 0x00000000e3000000| Untracked 
|  49|0x00000000e3100000, 0x00000000e3100000, 0x00000000e3200000|  0%| F|  |TAMS 0x00000000e3100000| PB 0x00000000e3100000| Untracked 
|  50|0x00000000e3200000, 0x00000000e3200000, 0x00000000e3300000|  0%| F|  |TAMS 0x00000000e3200000| PB 0x00000000e3200000| Untracked 
|  51|0x00000000e3300000, 0x00000000e3300000, 0x00000000e3400000|  0%| F|  |TAMS 0x00000000e3300000| PB 0x00000000e3300000| Untracked 
|  52|0x00000000e3400000, 0x00000000e3400000, 0x00000000e3500000|  0%| F|  |TAMS 0x00000000e3400000| PB 0x00000000e3400000| Untracked 
|  53|0x00000000e3500000, 0x00000000e3500000, 0x00000000e3600000|  0%| F|  |TAMS 0x00000000e3500000| PB 0x00000000e3500000| Untracked 
|  54|0x00000000e3600000, 0x00000000e3600000, 0x00000000e3700000|  0%| F|  |TAMS 0x00000000e3600000| PB 0x00000000e3600000| Untracked 
|  55|0x00000000e3700000, 0x00000000e3700000, 0x00000000e3800000|  0%| F|  |TAMS 0x00000000e3700000| PB 0x00000000e3700000| Untracked 
|  56|0x00000000e3800000, 0x00000000e3800000, 0x00000000e3900000|  0%| F|  |TAMS 0x00000000e3800000| PB 0x00000000e3800000| Untracked 
|  57|0x00000000e3900000, 0x00000000e3900000, 0x00000000e3a00000|  0%| F|  |TAMS 0x00000000e3900000| PB 0x00000000e3900000| Untracked 
|  58|0x00000000e3a00000, 0x00000000e3a00000, 0x00000000e3b00000|  0%| F|  |TAMS 0x00000000e3a00000| PB 0x00000000e3a00000| Untracked 
|  59|0x00000000e3b00000, 0x00000000e3b00000, 0x00000000e3c00000|  0%| F|  |TAMS 0x00000000e3b00000| PB 0x00000000e3b00000| Untracked 
|  60|0x00000000e3c00000, 0x00000000e3c00000, 0x00000000e3d00000|  0%| F|  |TAMS 0x00000000e3c00000| PB 0x00000000e3c00000| Untracked 
|  61|0x00000000e3d00000, 0x00000000e3d00000, 0x00000000e3e00000|  0%| F|  |TAMS 0x00000000e3d00000| PB 0x00000000e3d00000| Untracked 
|  62|0x00000000e3e00000, 0x00000000e3e00000, 0x00000000e3f00000|  0%| F|  |TAMS 0x00000000e3e00000| PB 0x00000000e3e00000| Untracked 
|  63|0x00000000e3f00000, 0x00000000e3f00000, 0x00000000e4000000|  0%| F|  |TAMS 0x00000000e3f00000| PB 0x00000000e3f00000| Untracked 
|  64|0x00000000e4000000, 0x00000000e4000000, 0x00000000e4100000|  0%| F|  |TAMS 0x00000000e4000000| PB 0x00000000e4000000| Untracked 
|  65|0x00000000e4100000, 0x00000000e4100000, 0x00000000e4200000|  0%| F|  |TAMS 0x00000000e4100000| PB 0x00000000e4100000| Untracked 
|  66|0x00000000e4200000, 0x00000000e4200000, 0x00000000e4300000|  0%| F|  |TAMS 0x00000000e4200000| PB 0x00000000e4200000| Untracked 
|  67|0x00000000e4300000, 0x00000000e4300000, 0x00000000e4400000|  0%| F|  |TAMS 0x00000000e4300000| PB 0x00000000e4300000| Untracked 
|  68|0x00000000e4400000, 0x00000000e4400000, 0x00000000e4500000|  0%| F|  |TAMS 0x00000000e4400000| PB 0x00000000e4400000| Untracked 
|  69|0x00000000e4500000, 0x00000000e4500000, 0x00000000e4600000|  0%| F|  |TAMS 0x00000000e4500000| PB 0x00000000e4500000| Untracked 
|  70|0x00000000e4600000, 0x00000000e4600000, 0x00000000e4700000|  0%| F|  |TAMS 0x00000000e4600000| PB 0x00000000e4600000| Untracked 
|  71|0x00000000e4700000, 0x00000000e4700000, 0x00000000e4800000|  0%| F|  |TAMS 0x00000000e4700000| PB 0x00000000e4700000| Untracked 
|  72|0x00000000e4800000, 0x00000000e4800000, 0x00000000e4900000|  0%| F|  |TAMS 0x00000000e4800000| PB 0x00000000e4800000| Untracked 
|  73|0x00000000e4900000, 0x00000000e4900000, 0x00000000e4a00000|  0%| F|  |TAMS 0x00000000e4900000| PB 0x00000000e4900000| Untracked 
|  74|0x00000000e4a00000, 0x00000000e4a00000, 0x00000000e4b00000|  0%| F|  |TAMS 0x00000000e4a00000| PB 0x00000000e4a00000| Untracked 
|  75|0x00000000e4b00000, 0x00000000e4b00000, 0x00000000e4c00000|  0%| F|  |TAMS 0x00000000e4b00000| PB 0x00000000e4b00000| Untracked 
|  76|0x00000000e4c00000, 0x00000000e4c00000, 0x00000000e4d00000|  0%| F|  |TAMS 0x00000000e4c00000| PB 0x00000000e4c00000| Untracked 
|  77|0x00000000e4d00000, 0x00000000e4d00000, 0x00000000e4e00000|  0%| F|  |TAMS 0x00000000e4d00000| PB 0x00000000e4d00000| Untracked 
|  78|0x00000000e4e00000, 0x00000000e4e00000, 0x00000000e4f00000|  0%| F|  |TAMS 0x00000000e4e00000| PB 0x00000000e4e00000| Untracked 
|  79|0x00000000e4f00000, 0x00000000e4f00000, 0x00000000e5000000|  0%| F|  |TAMS 0x00000000e4f00000| PB 0x00000000e4f00000| Untracked 
|  80|0x00000000e5000000, 0x00000000e5000000, 0x00000000e5100000|  0%| F|  |TAMS 0x00000000e5000000| PB 0x00000000e5000000| Untracked 
|  81|0x00000000e5100000, 0x00000000e5100000, 0x00000000e5200000|  0%| F|  |TAMS 0x00000000e5100000| PB 0x00000000e5100000| Untracked 
|  82|0x00000000e5200000, 0x00000000e5200000, 0x00000000e5300000|  0%| F|  |TAMS 0x00000000e5200000| PB 0x00000000e5200000| Untracked 
|  83|0x00000000e5300000, 0x00000000e5300000, 0x00000000e5400000|  0%| F|  |TAMS 0x00000000e5300000| PB 0x00000000e5300000| Untracked 
|  84|0x00000000e5400000, 0x00000000e5476058, 0x00000000e5500000| 46%| S|CS|TAMS 0x00000000e5400000| PB 0x00000000e5400000| Complete 
|  85|0x00000000e5500000, 0x00000000e5600000, 0x00000000e5600000|100%| S|CS|TAMS 0x00000000e5500000| PB 0x00000000e5500000| Complete 
|  86|0x00000000e5600000, 0x00000000e5700000, 0x00000000e5700000|100%| S|CS|TAMS 0x00000000e5600000| PB 0x00000000e5600000| Complete 
|  87|0x00000000e5700000, 0x00000000e5800000, 0x00000000e5800000|100%| S|CS|TAMS 0x00000000e5700000| PB 0x00000000e5700000| Complete 
|  88|0x00000000e5800000, 0x00000000e5900000, 0x00000000e5900000|100%| S|CS|TAMS 0x00000000e5800000| PB 0x00000000e5800000| Complete 
|  89|0x00000000e5900000, 0x00000000e5a00000, 0x00000000e5a00000|100%| S|CS|TAMS 0x00000000e5900000| PB 0x00000000e5900000| Complete 
|  90|0x00000000e5a00000, 0x00000000e5b00000, 0x00000000e5b00000|100%| S|CS|TAMS 0x00000000e5a00000| PB 0x00000000e5a00000| Complete 
|  91|0x00000000e5b00000, 0x00000000e5c00000, 0x00000000e5c00000|100%| S|CS|TAMS 0x00000000e5b00000| PB 0x00000000e5b00000| Complete 
|  92|0x00000000e5c00000, 0x00000000e5d00000, 0x00000000e5d00000|100%| S|CS|TAMS 0x00000000e5c00000| PB 0x00000000e5c00000| Complete 
|  93|0x00000000e5d00000, 0x00000000e5e00000, 0x00000000e5e00000|100%| S|CS|TAMS 0x00000000e5d00000| PB 0x00000000e5d00000| Complete 
|  94|0x00000000e5e00000, 0x00000000e5f00000, 0x00000000e5f00000|100%| S|CS|TAMS 0x00000000e5e00000| PB 0x00000000e5e00000| Complete 
|  95|0x00000000e5f00000, 0x00000000e6000000, 0x00000000e6000000|100%| S|CS|TAMS 0x00000000e5f00000| PB 0x00000000e5f00000| Complete 
|  96|0x00000000e6000000, 0x00000000e6100000, 0x00000000e6100000|100%| S|CS|TAMS 0x00000000e6000000| PB 0x00000000e6000000| Complete 
|  97|0x00000000e6100000, 0x00000000e6200000, 0x00000000e6200000|100%| S|CS|TAMS 0x00000000e6100000| PB 0x00000000e6100000| Complete 
|  98|0x00000000e6200000, 0x00000000e6300000, 0x00000000e6300000|100%| S|CS|TAMS 0x00000000e6200000| PB 0x00000000e6200000| Complete 
|  99|0x00000000e6300000, 0x00000000e6400000, 0x00000000e6400000|100%| S|CS|TAMS 0x00000000e6300000| PB 0x00000000e6300000| Complete 
| 100|0x00000000e6400000, 0x00000000e6500000, 0x00000000e6500000|100%| S|CS|TAMS 0x00000000e6400000| PB 0x00000000e6400000| Complete 
| 101|0x00000000e6500000, 0x00000000e6600000, 0x00000000e6600000|100%| S|CS|TAMS 0x00000000e6500000| PB 0x00000000e6500000| Complete 
| 102|0x00000000e6600000, 0x00000000e6700000, 0x00000000e6700000|100%| S|CS|TAMS 0x00000000e6600000| PB 0x00000000e6600000| Complete 
| 103|0x00000000e6700000, 0x00000000e6700000, 0x00000000e6800000|  0%| F|  |TAMS 0x00000000e6700000| PB 0x00000000e6700000| Untracked 
| 104|0x00000000e6800000, 0x00000000e6800000, 0x00000000e6900000|  0%| F|  |TAMS 0x00000000e6800000| PB 0x00000000e6800000| Untracked 
| 105|0x00000000e6900000, 0x00000000e6900000, 0x00000000e6a00000|  0%| F|  |TAMS 0x00000000e6900000| PB 0x00000000e6900000| Untracked 
| 106|0x00000000e6a00000, 0x00000000e6a00000, 0x00000000e6b00000|  0%| F|  |TAMS 0x00000000e6a00000| PB 0x00000000e6a00000| Untracked 
| 107|0x00000000e6b00000, 0x00000000e6b00000, 0x00000000e6c00000|  0%| F|  |TAMS 0x00000000e6b00000| PB 0x00000000e6b00000| Untracked 
| 108|0x00000000e6c00000, 0x00000000e6c00000, 0x00000000e6d00000|  0%| F|  |TAMS 0x00000000e6c00000| PB 0x00000000e6c00000| Untracked 
| 109|0x00000000e6d00000, 0x00000000e6d00000, 0x00000000e6e00000|  0%| F|  |TAMS 0x00000000e6d00000| PB 0x00000000e6d00000| Untracked 
| 110|0x00000000e6e00000, 0x00000000e6e00000, 0x00000000e6f00000|  0%| F|  |TAMS 0x00000000e6e00000| PB 0x00000000e6e00000| Untracked 
| 111|0x00000000e6f00000, 0x00000000e6f00000, 0x00000000e7000000|  0%| F|  |TAMS 0x00000000e6f00000| PB 0x00000000e6f00000| Untracked 
| 112|0x00000000e7000000, 0x00000000e7000000, 0x00000000e7100000|  0%| F|  |TAMS 0x00000000e7000000| PB 0x00000000e7000000| Untracked 
| 113|0x00000000e7100000, 0x00000000e7100000, 0x00000000e7200000|  0%| F|  |TAMS 0x00000000e7100000| PB 0x00000000e7100000| Untracked 
| 114|0x00000000e7200000, 0x00000000e7200000, 0x00000000e7300000|  0%| F|  |TAMS 0x00000000e7200000| PB 0x00000000e7200000| Untracked 
| 115|0x00000000e7300000, 0x00000000e7300000, 0x00000000e7400000|  0%| F|  |TAMS 0x00000000e7300000| PB 0x00000000e7300000| Untracked 
| 116|0x00000000e7400000, 0x00000000e7400000, 0x00000000e7500000|  0%| F|  |TAMS 0x00000000e7400000| PB 0x00000000e7400000| Untracked 
| 117|0x00000000e7500000, 0x00000000e7500000, 0x00000000e7600000|  0%| F|  |TAMS 0x00000000e7500000| PB 0x00000000e7500000| Untracked 
| 118|0x00000000e7600000, 0x00000000e7600000, 0x00000000e7700000|  0%| F|  |TAMS 0x00000000e7600000| PB 0x00000000e7600000| Untracked 
| 119|0x00000000e7700000, 0x00000000e7700000, 0x00000000e7800000|  0%| F|  |TAMS 0x00000000e7700000| PB 0x00000000e7700000| Untracked 
| 120|0x00000000e7800000, 0x00000000e7800000, 0x00000000e7900000|  0%| F|  |TAMS 0x00000000e7800000| PB 0x00000000e7800000| Untracked 
| 121|0x00000000e7900000, 0x00000000e7900000, 0x00000000e7a00000|  0%| F|  |TAMS 0x00000000e7900000| PB 0x00000000e7900000| Untracked 
| 122|0x00000000e7a00000, 0x00000000e7a00000, 0x00000000e7b00000|  0%| F|  |TAMS 0x00000000e7a00000| PB 0x00000000e7a00000| Untracked 
| 123|0x00000000e7b00000, 0x00000000e7b00000, 0x00000000e7c00000|  0%| F|  |TAMS 0x00000000e7b00000| PB 0x00000000e7b00000| Untracked 
| 124|0x00000000e7c00000, 0x00000000e7c00000, 0x00000000e7d00000|  0%| F|  |TAMS 0x00000000e7c00000| PB 0x00000000e7c00000| Untracked 
| 125|0x00000000e7d00000, 0x00000000e7d00000, 0x00000000e7e00000|  0%| F|  |TAMS 0x00000000e7d00000| PB 0x00000000e7d00000| Untracked 
| 126|0x00000000e7e00000, 0x00000000e7e00000, 0x00000000e7f00000|  0%| F|  |TAMS 0x00000000e7e00000| PB 0x00000000e7e00000| Untracked 
| 127|0x00000000e7f00000, 0x00000000e7f00000, 0x00000000e8000000|  0%| F|  |TAMS 0x00000000e7f00000| PB 0x00000000e7f00000| Untracked 
| 128|0x00000000e8000000, 0x00000000e8000000, 0x00000000e8100000|  0%| F|  |TAMS 0x00000000e8000000| PB 0x00000000e8000000| Untracked 
| 129|0x00000000e8100000, 0x00000000e8100000, 0x00000000e8200000|  0%| F|  |TAMS 0x00000000e8100000| PB 0x00000000e8100000| Untracked 
| 130|0x00000000e8200000, 0x00000000e8200000, 0x00000000e8300000|  0%| F|  |TAMS 0x00000000e8200000| PB 0x00000000e8200000| Untracked 
| 131|0x00000000e8300000, 0x00000000e8300000, 0x00000000e8400000|  0%| F|  |TAMS 0x00000000e8300000| PB 0x00000000e8300000| Untracked 
| 132|0x00000000e8400000, 0x00000000e8400000, 0x00000000e8500000|  0%| F|  |TAMS 0x00000000e8400000| PB 0x00000000e8400000| Untracked 
| 133|0x00000000e8500000, 0x00000000e8500000, 0x00000000e8600000|  0%| F|  |TAMS 0x00000000e8500000| PB 0x00000000e8500000| Untracked 
| 134|0x00000000e8600000, 0x00000000e8600000, 0x00000000e8700000|  0%| F|  |TAMS 0x00000000e8600000| PB 0x00000000e8600000| Untracked 
| 135|0x00000000e8700000, 0x00000000e8700000, 0x00000000e8800000|  0%| F|  |TAMS 0x00000000e8700000| PB 0x00000000e8700000| Untracked 
| 136|0x00000000e8800000, 0x00000000e8800000, 0x00000000e8900000|  0%| F|  |TAMS 0x00000000e8800000| PB 0x00000000e8800000| Untracked 
| 137|0x00000000e8900000, 0x00000000e8900000, 0x00000000e8a00000|  0%| F|  |TAMS 0x00000000e8900000| PB 0x00000000e8900000| Untracked 
| 138|0x00000000e8a00000, 0x00000000e8a00000, 0x00000000e8b00000|  0%| F|  |TAMS 0x00000000e8a00000| PB 0x00000000e8a00000| Untracked 
| 139|0x00000000e8b00000, 0x00000000e8b00000, 0x00000000e8c00000|  0%| F|  |TAMS 0x00000000e8b00000| PB 0x00000000e8b00000| Untracked 
| 140|0x00000000e8c00000, 0x00000000e8c00000, 0x00000000e8d00000|  0%| F|  |TAMS 0x00000000e8c00000| PB 0x00000000e8c00000| Untracked 
| 141|0x00000000e8d00000, 0x00000000e8d00000, 0x00000000e8e00000|  0%| F|  |TAMS 0x00000000e8d00000| PB 0x00000000e8d00000| Untracked 
| 142|0x00000000e8e00000, 0x00000000e8e00000, 0x00000000e8f00000|  0%| F|  |TAMS 0x00000000e8e00000| PB 0x00000000e8e00000| Untracked 
| 143|0x00000000e8f00000, 0x00000000e8f00000, 0x00000000e9000000|  0%| F|  |TAMS 0x00000000e8f00000| PB 0x00000000e8f00000| Untracked 
| 144|0x00000000e9000000, 0x00000000e9000000, 0x00000000e9100000|  0%| F|  |TAMS 0x00000000e9000000| PB 0x00000000e9000000| Untracked 
| 145|0x00000000e9100000, 0x00000000e9100000, 0x00000000e9200000|  0%| F|  |TAMS 0x00000000e9100000| PB 0x00000000e9100000| Untracked 
| 146|0x00000000e9200000, 0x00000000e9200000, 0x00000000e9300000|  0%| F|  |TAMS 0x00000000e9200000| PB 0x00000000e9200000| Untracked 
| 147|0x00000000e9300000, 0x00000000e9300000, 0x00000000e9400000|  0%| F|  |TAMS 0x00000000e9300000| PB 0x00000000e9300000| Untracked 
| 148|0x00000000e9400000, 0x00000000e9400000, 0x00000000e9500000|  0%| F|  |TAMS 0x00000000e9400000| PB 0x00000000e9400000| Untracked 
| 149|0x00000000e9500000, 0x00000000e9500000, 0x00000000e9600000|  0%| F|  |TAMS 0x00000000e9500000| PB 0x00000000e9500000| Untracked 
| 150|0x00000000e9600000, 0x00000000e9600000, 0x00000000e9700000|  0%| F|  |TAMS 0x00000000e9600000| PB 0x00000000e9600000| Untracked 
| 151|0x00000000e9700000, 0x00000000e9700000, 0x00000000e9800000|  0%| F|  |TAMS 0x00000000e9700000| PB 0x00000000e9700000| Untracked 
| 152|0x00000000e9800000, 0x00000000e9800000, 0x00000000e9900000|  0%| F|  |TAMS 0x00000000e9800000| PB 0x00000000e9800000| Untracked 
| 153|0x00000000e9900000, 0x00000000e9900000, 0x00000000e9a00000|  0%| F|  |TAMS 0x00000000e9900000| PB 0x00000000e9900000| Untracked 
| 154|0x00000000e9a00000, 0x00000000e9a00000, 0x00000000e9b00000|  0%| F|  |TAMS 0x00000000e9a00000| PB 0x00000000e9a00000| Untracked 
| 155|0x00000000e9b00000, 0x00000000e9b00000, 0x00000000e9c00000|  0%| F|  |TAMS 0x00000000e9b00000| PB 0x00000000e9b00000| Untracked 
| 156|0x00000000e9c00000, 0x00000000e9c00000, 0x00000000e9d00000|  0%| F|  |TAMS 0x00000000e9c00000| PB 0x00000000e9c00000| Untracked 
| 157|0x00000000e9d00000, 0x00000000e9d00000, 0x00000000e9e00000|  0%| F|  |TAMS 0x00000000e9d00000| PB 0x00000000e9d00000| Untracked 
| 158|0x00000000e9e00000, 0x00000000e9e00000, 0x00000000e9f00000|  0%| F|  |TAMS 0x00000000e9e00000| PB 0x00000000e9e00000| Untracked 
| 159|0x00000000e9f00000, 0x00000000e9f00000, 0x00000000ea000000|  0%| F|  |TAMS 0x00000000e9f00000| PB 0x00000000e9f00000| Untracked 
| 160|0x00000000ea000000, 0x00000000ea000000, 0x00000000ea100000|  0%| F|  |TAMS 0x00000000ea000000| PB 0x00000000ea000000| Untracked 
| 161|0x00000000ea100000, 0x00000000ea100000, 0x00000000ea200000|  0%| F|  |TAMS 0x00000000ea100000| PB 0x00000000ea100000| Untracked 
| 162|0x00000000ea200000, 0x00000000ea200000, 0x00000000ea300000|  0%| F|  |TAMS 0x00000000ea200000| PB 0x00000000ea200000| Untracked 
| 163|0x00000000ea300000, 0x00000000ea300000, 0x00000000ea400000|  0%| F|  |TAMS 0x00000000ea300000| PB 0x00000000ea300000| Untracked 
| 164|0x00000000ea400000, 0x00000000ea400000, 0x00000000ea500000|  0%| F|  |TAMS 0x00000000ea400000| PB 0x00000000ea400000| Untracked 
| 165|0x00000000ea500000, 0x00000000ea500000, 0x00000000ea600000|  0%| F|  |TAMS 0x00000000ea500000| PB 0x00000000ea500000| Untracked 
| 166|0x00000000ea600000, 0x00000000ea600000, 0x00000000ea700000|  0%| F|  |TAMS 0x00000000ea600000| PB 0x00000000ea600000| Untracked 
| 167|0x00000000ea700000, 0x00000000ea700000, 0x00000000ea800000|  0%| F|  |TAMS 0x00000000ea700000| PB 0x00000000ea700000| Untracked 
| 168|0x00000000ea800000, 0x00000000ea800000, 0x00000000ea900000|  0%| F|  |TAMS 0x00000000ea800000| PB 0x00000000ea800000| Untracked 
| 169|0x00000000ea900000, 0x00000000ea900000, 0x00000000eaa00000|  0%| F|  |TAMS 0x00000000ea900000| PB 0x00000000ea900000| Untracked 
| 170|0x00000000eaa00000, 0x00000000eaa00000, 0x00000000eab00000|  0%| F|  |TAMS 0x00000000eaa00000| PB 0x00000000eaa00000| Untracked 
| 171|0x00000000eab00000, 0x00000000eab00000, 0x00000000eac00000|  0%| F|  |TAMS 0x00000000eab00000| PB 0x00000000eab00000| Untracked 
| 172|0x00000000eac00000, 0x00000000eac00000, 0x00000000ead00000|  0%| F|  |TAMS 0x00000000eac00000| PB 0x00000000eac00000| Untracked 
| 173|0x00000000ead00000, 0x00000000ead00000, 0x00000000eae00000|  0%| F|  |TAMS 0x00000000ead00000| PB 0x00000000ead00000| Untracked 
| 174|0x00000000eae00000, 0x00000000eae00000, 0x00000000eaf00000|  0%| F|  |TAMS 0x00000000eae00000| PB 0x00000000eae00000| Untracked 
| 175|0x00000000eaf00000, 0x00000000eaf00000, 0x00000000eb000000|  0%| F|  |TAMS 0x00000000eaf00000| PB 0x00000000eaf00000| Untracked 
| 176|0x00000000eb000000, 0x00000000eb000000, 0x00000000eb100000|  0%| F|  |TAMS 0x00000000eb000000| PB 0x00000000eb000000| Untracked 
| 177|0x00000000eb100000, 0x00000000eb100000, 0x00000000eb200000|  0%| F|  |TAMS 0x00000000eb100000| PB 0x00000000eb100000| Untracked 
| 178|0x00000000eb200000, 0x00000000eb200000, 0x00000000eb300000|  0%| F|  |TAMS 0x00000000eb200000| PB 0x00000000eb200000| Untracked 
| 179|0x00000000eb300000, 0x00000000eb300000, 0x00000000eb400000|  0%| F|  |TAMS 0x00000000eb300000| PB 0x00000000eb300000| Untracked 
| 180|0x00000000eb400000, 0x00000000eb400000, 0x00000000eb500000|  0%| F|  |TAMS 0x00000000eb400000| PB 0x00000000eb400000| Untracked 
| 181|0x00000000eb500000, 0x00000000eb500000, 0x00000000eb600000|  0%| F|  |TAMS 0x00000000eb500000| PB 0x00000000eb500000| Untracked 
| 182|0x00000000eb600000, 0x00000000eb600000, 0x00000000eb700000|  0%| F|  |TAMS 0x00000000eb600000| PB 0x00000000eb600000| Untracked 
| 183|0x00000000eb700000, 0x00000000eb700000, 0x00000000eb800000|  0%| F|  |TAMS 0x00000000eb700000| PB 0x00000000eb700000| Untracked 
| 184|0x00000000eb800000, 0x00000000eb800000, 0x00000000eb900000|  0%| F|  |TAMS 0x00000000eb800000| PB 0x00000000eb800000| Untracked 
| 185|0x00000000eb900000, 0x00000000eb900000, 0x00000000eba00000|  0%| F|  |TAMS 0x00000000eb900000| PB 0x00000000eb900000| Untracked 
| 186|0x00000000eba00000, 0x00000000eba00000, 0x00000000ebb00000|  0%| F|  |TAMS 0x00000000eba00000| PB 0x00000000eba00000| Untracked 
| 187|0x00000000ebb00000, 0x00000000ebb00000, 0x00000000ebc00000|  0%| F|  |TAMS 0x00000000ebb00000| PB 0x00000000ebb00000| Untracked 
| 188|0x00000000ebc00000, 0x00000000ebc00000, 0x00000000ebd00000|  0%| F|  |TAMS 0x00000000ebc00000| PB 0x00000000ebc00000| Untracked 
| 189|0x00000000ebd00000, 0x00000000ebd00000, 0x00000000ebe00000|  0%| F|  |TAMS 0x00000000ebd00000| PB 0x00000000ebd00000| Untracked 
| 190|0x00000000ebe00000, 0x00000000ebe00000, 0x00000000ebf00000|  0%| F|  |TAMS 0x00000000ebe00000| PB 0x00000000ebe00000| Untracked 
| 191|0x00000000ebf00000, 0x00000000ebf00000, 0x00000000ec000000|  0%| F|  |TAMS 0x00000000ebf00000| PB 0x00000000ebf00000| Untracked 
| 192|0x00000000ec000000, 0x00000000ec000000, 0x00000000ec100000|  0%| F|  |TAMS 0x00000000ec000000| PB 0x00000000ec000000| Untracked 
| 193|0x00000000ec100000, 0x00000000ec100000, 0x00000000ec200000|  0%| F|  |TAMS 0x00000000ec100000| PB 0x00000000ec100000| Untracked 
| 194|0x00000000ec200000, 0x00000000ec200000, 0x00000000ec300000|  0%| F|  |TAMS 0x00000000ec200000| PB 0x00000000ec200000| Untracked 
| 195|0x00000000ec300000, 0x00000000ec300000, 0x00000000ec400000|  0%| F|  |TAMS 0x00000000ec300000| PB 0x00000000ec300000| Untracked 
| 196|0x00000000ec400000, 0x00000000ec400000, 0x00000000ec500000|  0%| F|  |TAMS 0x00000000ec400000| PB 0x00000000ec400000| Untracked 
| 197|0x00000000ec500000, 0x00000000ec500000, 0x00000000ec600000|  0%| F|  |TAMS 0x00000000ec500000| PB 0x00000000ec500000| Untracked 
| 198|0x00000000ec600000, 0x00000000ec600000, 0x00000000ec700000|  0%| F|  |TAMS 0x00000000ec600000| PB 0x00000000ec600000| Untracked 
| 199|0x00000000ec700000, 0x00000000ec700000, 0x00000000ec800000|  0%| F|  |TAMS 0x00000000ec700000| PB 0x00000000ec700000| Untracked 
| 200|0x00000000ec800000, 0x00000000ec800000, 0x00000000ec900000|  0%| F|  |TAMS 0x00000000ec800000| PB 0x00000000ec800000| Untracked 
| 201|0x00000000ec900000, 0x00000000ec900000, 0x00000000eca00000|  0%| F|  |TAMS 0x00000000ec900000| PB 0x00000000ec900000| Untracked 
| 202|0x00000000eca00000, 0x00000000eca00000, 0x00000000ecb00000|  0%| F|  |TAMS 0x00000000eca00000| PB 0x00000000eca00000| Untracked 
| 203|0x00000000ecb00000, 0x00000000ecb00000, 0x00000000ecc00000|  0%| F|  |TAMS 0x00000000ecb00000| PB 0x00000000ecb00000| Untracked 
| 204|0x00000000ecc00000, 0x00000000ecc00000, 0x00000000ecd00000|  0%| F|  |TAMS 0x00000000ecc00000| PB 0x00000000ecc00000| Untracked 
| 205|0x00000000ecd00000, 0x00000000ecd00000, 0x00000000ece00000|  0%| F|  |TAMS 0x00000000ecd00000| PB 0x00000000ecd00000| Untracked 
| 206|0x00000000ece00000, 0x00000000ece00000, 0x00000000ecf00000|  0%| F|  |TAMS 0x00000000ece00000| PB 0x00000000ece00000| Untracked 
| 207|0x00000000ecf00000, 0x00000000ecf00000, 0x00000000ed000000|  0%| F|  |TAMS 0x00000000ecf00000| PB 0x00000000ecf00000| Untracked 
| 208|0x00000000ed000000, 0x00000000ed000000, 0x00000000ed100000|  0%| F|  |TAMS 0x00000000ed000000| PB 0x00000000ed000000| Untracked 
| 209|0x00000000ed100000, 0x00000000ed100000, 0x00000000ed200000|  0%| F|  |TAMS 0x00000000ed100000| PB 0x00000000ed100000| Untracked 
| 210|0x00000000ed200000, 0x00000000ed200000, 0x00000000ed300000|  0%| F|  |TAMS 0x00000000ed200000| PB 0x00000000ed200000| Untracked 
| 211|0x00000000ed300000, 0x00000000ed300000, 0x00000000ed400000|  0%| F|  |TAMS 0x00000000ed300000| PB 0x00000000ed300000| Untracked 
| 212|0x00000000ed400000, 0x00000000ed400000, 0x00000000ed500000|  0%| F|  |TAMS 0x00000000ed400000| PB 0x00000000ed400000| Untracked 
| 213|0x00000000ed500000, 0x00000000ed500000, 0x00000000ed600000|  0%| F|  |TAMS 0x00000000ed500000| PB 0x00000000ed500000| Untracked 
| 214|0x00000000ed600000, 0x00000000ed600000, 0x00000000ed700000|  0%| F|  |TAMS 0x00000000ed600000| PB 0x00000000ed600000| Untracked 
| 215|0x00000000ed700000, 0x00000000ed700000, 0x00000000ed800000|  0%| F|  |TAMS 0x00000000ed700000| PB 0x00000000ed700000| Untracked 
| 216|0x00000000ed800000, 0x00000000ed800000, 0x00000000ed900000|  0%| F|  |TAMS 0x00000000ed800000| PB 0x00000000ed800000| Untracked 
| 217|0x00000000ed900000, 0x00000000ed900000, 0x00000000eda00000|  0%| F|  |TAMS 0x00000000ed900000| PB 0x00000000ed900000| Untracked 
| 218|0x00000000eda00000, 0x00000000eda00000, 0x00000000edb00000|  0%| F|  |TAMS 0x00000000eda00000| PB 0x00000000eda00000| Untracked 
| 219|0x00000000edb00000, 0x00000000edb00000, 0x00000000edc00000|  0%| F|  |TAMS 0x00000000edb00000| PB 0x00000000edb00000| Untracked 
| 220|0x00000000edc00000, 0x00000000edd00000, 0x00000000edd00000|100%| E|  |TAMS 0x00000000edc00000| PB 0x00000000edc00000| Complete 
| 221|0x00000000edd00000, 0x00000000ede00000, 0x00000000ede00000|100%| E|CS|TAMS 0x00000000edd00000| PB 0x00000000edd00000| Complete 
| 222|0x00000000ede00000, 0x00000000edf00000, 0x00000000edf00000|100%| E|CS|TAMS 0x00000000ede00000| PB 0x00000000ede00000| Complete 
| 223|0x00000000edf00000, 0x00000000ee000000, 0x00000000ee000000|100%| E|CS|TAMS 0x00000000edf00000| PB 0x00000000edf00000| Complete 
| 224|0x00000000ee000000, 0x00000000ee100000, 0x00000000ee100000|100%| E|CS|TAMS 0x00000000ee000000| PB 0x00000000ee000000| Complete 
| 225|0x00000000ee100000, 0x00000000ee200000, 0x00000000ee200000|100%| E|CS|TAMS 0x00000000ee100000| PB 0x00000000ee100000| Complete 
| 226|0x00000000ee200000, 0x00000000ee300000, 0x00000000ee300000|100%| E|CS|TAMS 0x00000000ee200000| PB 0x00000000ee200000| Complete 
| 227|0x00000000ee300000, 0x00000000ee400000, 0x00000000ee400000|100%| E|CS|TAMS 0x00000000ee300000| PB 0x00000000ee300000| Complete 
| 228|0x00000000ee400000, 0x00000000ee500000, 0x00000000ee500000|100%| E|CS|TAMS 0x00000000ee400000| PB 0x00000000ee400000| Complete 
| 229|0x00000000ee500000, 0x00000000ee600000, 0x00000000ee600000|100%| E|CS|TAMS 0x00000000ee500000| PB 0x00000000ee500000| Complete 
| 230|0x00000000ee600000, 0x00000000ee700000, 0x00000000ee700000|100%| E|CS|TAMS 0x00000000ee600000| PB 0x00000000ee600000| Complete 
| 231|0x00000000ee700000, 0x00000000ee800000, 0x00000000ee800000|100%| E|CS|TAMS 0x00000000ee700000| PB 0x00000000ee700000| Complete 
| 232|0x00000000ee800000, 0x00000000ee900000, 0x00000000ee900000|100%| E|CS|TAMS 0x00000000ee800000| PB 0x00000000ee800000| Complete 
| 233|0x00000000ee900000, 0x00000000eea00000, 0x00000000eea00000|100%| E|CS|TAMS 0x00000000ee900000| PB 0x00000000ee900000| Complete 
| 234|0x00000000eea00000, 0x00000000eeb00000, 0x00000000eeb00000|100%| E|CS|TAMS 0x00000000eea00000| PB 0x00000000eea00000| Complete 
| 235|0x00000000eeb00000, 0x00000000eec00000, 0x00000000eec00000|100%| E|CS|TAMS 0x00000000eeb00000| PB 0x00000000eeb00000| Complete 
| 236|0x00000000eec00000, 0x00000000eed00000, 0x00000000eed00000|100%| E|CS|TAMS 0x00000000eec00000| PB 0x00000000eec00000| Complete 
| 237|0x00000000eed00000, 0x00000000eee00000, 0x00000000eee00000|100%| E|CS|TAMS 0x00000000eed00000| PB 0x00000000eed00000| Complete 
| 238|0x00000000eee00000, 0x00000000eef00000, 0x00000000eef00000|100%| E|CS|TAMS 0x00000000eee00000| PB 0x00000000eee00000| Complete 
| 239|0x00000000eef00000, 0x00000000ef000000, 0x00000000ef000000|100%| E|CS|TAMS 0x00000000eef00000| PB 0x00000000eef00000| Complete 
| 240|0x00000000ef000000, 0x00000000ef100000, 0x00000000ef100000|100%| E|CS|TAMS 0x00000000ef000000| PB 0x00000000ef000000| Complete 
| 241|0x00000000ef100000, 0x00000000ef200000, 0x00000000ef200000|100%| E|CS|TAMS 0x00000000ef100000| PB 0x00000000ef100000| Complete 
| 242|0x00000000ef200000, 0x00000000ef300000, 0x00000000ef300000|100%| E|CS|TAMS 0x00000000ef200000| PB 0x00000000ef200000| Complete 
| 243|0x00000000ef300000, 0x00000000ef400000, 0x00000000ef400000|100%| E|CS|TAMS 0x00000000ef300000| PB 0x00000000ef300000| Complete 
| 244|0x00000000ef400000, 0x00000000ef500000, 0x00000000ef500000|100%| E|CS|TAMS 0x00000000ef400000| PB 0x00000000ef400000| Complete 
| 245|0x00000000ef500000, 0x00000000ef600000, 0x00000000ef600000|100%| E|CS|TAMS 0x00000000ef500000| PB 0x00000000ef500000| Complete 
| 246|0x00000000ef600000, 0x00000000ef700000, 0x00000000ef700000|100%| E|CS|TAMS 0x00000000ef600000| PB 0x00000000ef600000| Complete 
| 247|0x00000000ef700000, 0x00000000ef800000, 0x00000000ef800000|100%| E|CS|TAMS 0x00000000ef700000| PB 0x00000000ef700000| Complete 
| 248|0x00000000ef800000, 0x00000000ef900000, 0x00000000ef900000|100%| E|CS|TAMS 0x00000000ef800000| PB 0x00000000ef800000| Complete 
| 249|0x00000000ef900000, 0x00000000efa00000, 0x00000000efa00000|100%| E|CS|TAMS 0x00000000ef900000| PB 0x00000000ef900000| Complete 
| 250|0x00000000efa00000, 0x00000000efb00000, 0x00000000efb00000|100%| E|CS|TAMS 0x00000000efa00000| PB 0x00000000efa00000| Complete 
| 251|0x00000000efb00000, 0x00000000efc00000, 0x00000000efc00000|100%| E|CS|TAMS 0x00000000efb00000| PB 0x00000000efb00000| Complete 
| 252|0x00000000efc00000, 0x00000000efd00000, 0x00000000efd00000|100%| E|CS|TAMS 0x00000000efc00000| PB 0x00000000efc00000| Complete 
| 253|0x00000000efd00000, 0x00000000efe00000, 0x00000000efe00000|100%| E|CS|TAMS 0x00000000efd00000| PB 0x00000000efd00000| Complete 
| 254|0x00000000efe00000, 0x00000000eff00000, 0x00000000eff00000|100%| E|CS|TAMS 0x00000000efe00000| PB 0x00000000efe00000| Complete 
| 255|0x00000000eff00000, 0x00000000f0000000, 0x00000000f0000000|100%| E|CS|TAMS 0x00000000eff00000| PB 0x00000000eff00000| Complete 

Card table byte_map: [0x000001dda15b0000,0x000001dda16b0000] _byte_map_base: 0x000001dda0eb0000

Marking Bits: (CMBitMap*) 0x000001dd8ee8b000
 Bits: [0x000001dda16b0000, 0x000001dda1eb0000)

Polling page: 0x000001dd8ca90000

Metaspace:

Usage:
  Non-class:     49.99 MB used.
      Class:      8.16 MB used.
       Both:     58.16 MB used.

Virtual space:
  Non-class space:       64.00 MB reserved,      50.75 MB ( 79%) committed,  1 nodes.
      Class space:      320.00 MB reserved,       8.88 MB (  3%) committed,  1 nodes.
             Both:      384.00 MB reserved,      59.62 MB ( 16%) committed. 

Chunk freelists:
   Non-Class:  13.09 MB
       Class:  7.13 MB
        Both:  20.22 MB

MaxMetaspaceSize: 384.00 MB
CompressedClassSpaceSize: 320.00 MB
Initial GC threshold: 21.00 MB
Current GC threshold: 59.94 MB
CDS: off
 - commit_granule_bytes: 65536.
 - commit_granule_words: 8192.
 - virtual_space_node_default_size: 8388608.
 - enlarge_chunks_in_place: 1.
 - use_allocation_guard: 0.


Internal statistics:

num_allocs_failed_limit: 12.
num_arena_births: 2838.
num_arena_deaths: 0.
num_vsnodes_births: 2.
num_vsnodes_deaths: 0.
num_space_committed: 954.
num_space_uncommitted: 0.
num_chunks_returned_to_freelist: 12.
num_chunks_taken_from_freelist: 5221.
num_chunk_merges: 9.
num_chunk_splits: 3369.
num_chunks_enlarged: 2054.
num_inconsistent_stats: 0.

CodeHeap 'non-profiled nmethods': size=120000Kb used=3032Kb max_used=3032Kb free=116967Kb
 bounds [0x000001dd99a20000, 0x000001dd99d20000, 0x000001dda0f50000]
CodeHeap 'profiled nmethods': size=120000Kb used=9886Kb max_used=9886Kb free=110113Kb
 bounds [0x000001dd91f50000, 0x000001dd92900000, 0x000001dd99480000]
CodeHeap 'non-nmethods': size=5760Kb used=2697Kb max_used=2746Kb free=3063Kb
 bounds [0x000001dd99480000, 0x000001dd99740000, 0x000001dd99a20000]
CodeCache: size=245760Kb, used=15615Kb, max_used=15664Kb, free=230143Kb
 total_blobs=5940, nmethods=5085, adapters=758, full_count=0
Compilation: enabled, stopped_count=0, restarted_count=0

Compilation events (20 events):
Event: 5.140 Thread 0x000001dda4cbb890 5242       3       sun.reflect.generics.visitor.Reifier::visitTypeVariableSignature (18 bytes)
Event: 5.140 Thread 0x000001dda4cbb890 nmethod 5242 0x000001dd92894290 code [0x000001dd92894460, 0x000001dd928947a0]
Event: 5.140 Thread 0x000001dda4cbb890 5243       3       java.util.Collections$UnmodifiableMap$UnmodifiableEntrySet$UnmodifiableEntry::getKey (10 bytes)
Event: 5.140 Thread 0x000001dda4cbb890 nmethod 5243 0x000001dd92894990 code [0x000001dd92894b40, 0x000001dd92894d10]
Event: 5.140 Thread 0x000001dda4cbb890 5244       3       java.lang.invoke.DirectMethodHandle$Holder::invokeStatic (15 bytes)
Event: 5.140 Thread 0x000001dda4cbb890 nmethod 5244 0x000001dd92894e10 code [0x000001dd92894fe0, 0x000001dd928954f8]
Event: 5.141 Thread 0x000001dda4cbb890 5245       3       java.util.stream.Collectors::lambda$joining$11 (11 bytes)
Event: 5.141 Thread 0x000001dda4cbb890 nmethod 5245 0x000001dd92895610 code [0x000001dd928957c0, 0x000001dd92895958]
Event: 5.141 Thread 0x000001dda4cbb890 5246       3       java.util.stream.Collectors$$Lambda/0x0000000100266fb8::apply (8 bytes)
Event: 5.141 Thread 0x000001dda4cbb890 nmethod 5246 0x000001dd92895a10 code [0x000001dd92895bc0, 0x000001dd92895de8]
Event: 5.141 Thread 0x000001dda4cbb890 5247       3       sun.reflect.generics.reflectiveObjects.TypeVariableImpl::toString (5 bytes)
Event: 5.141 Thread 0x000001dda4cbb890 nmethod 5247 0x000001dd92895f10 code [0x000001dd928960a0, 0x000001dd928961d8]
Event: 5.141 Thread 0x000001dda4cbb890 5248       3       java.beans.MethodDescriptor::resolve (32 bytes)
Event: 5.141 Thread 0x000001dda4cbb890 nmethod 5248 0x000001dd92896290 code [0x000001dd92896480, 0x000001dd928969b8]
Event: 5.141 Thread 0x000001dda4cbb890 5249       3       java.util.Collections$SynchronizedCollection::iterator (10 bytes)
Event: 5.141 Thread 0x000001dda4cbb890 nmethod 5249 0x000001dd92896b90 code [0x000001dd92896d40, 0x000001dd92896f10]
Event: 5.141 Thread 0x000001dda4cbb890 5251  s    3       java.util.Hashtable::putAll (52 bytes)
Event: 5.141 Thread 0x000001dda4cbb890 nmethod 5251 0x000001dd92897010 code [0x000001dd92897240, 0x000001dd92897af0]
Event: 5.141 Thread 0x000001dda4cbb890 5250  s    3       java.util.Hashtable::isEmpty (13 bytes)
Event: 5.141 Thread 0x000001dda4cbb890 nmethod 5250 0x000001dd92897d10 code [0x000001dd92897ec0, 0x000001dd928980e0]

GC Heap History (14 events):
Event: 0.774 GC heap before
{Heap before GC invocations=0 (full 0):
 garbage-first heap   total 262144K, used 26624K [0x00000000e0000000, 0x0000000100000000)
  region size 1024K, 23 young (23552K), 0 survivors (0K)
 Metaspace       used 10925K, committed 11072K, reserved 393216K
  class space    used 1173K, committed 1216K, reserved 327680K
}
Event: 0.777 GC heap after
{Heap after GC invocations=1 (full 0):
 garbage-first heap   total 262144K, used 10697K [0x00000000e0000000, 0x0000000100000000)
  region size 1024K, 3 young (3072K), 3 survivors (3072K)
 Metaspace       used 10925K, committed 11072K, reserved 393216K
  class space    used 1173K, committed 1216K, reserved 327680K
}
Event: 1.239 GC heap before
{Heap before GC invocations=1 (full 0):
 garbage-first heap   total 262144K, used 40393K [0x00000000e0000000, 0x0000000100000000)
  region size 1024K, 32 young (32768K), 3 survivors (3072K)
 Metaspace       used 12031K, committed 12224K, reserved 393216K
  class space    used 1294K, committed 1408K, reserved 327680K
}
Event: 1.242 GC heap after
{Heap after GC invocations=2 (full 0):
 garbage-first heap   total 262144K, used 11391K [0x00000000e0000000, 0x0000000100000000)
  region size 1024K, 1 young (1024K), 1 survivors (1024K)
 Metaspace       used 12031K, committed 12224K, reserved 393216K
  class space    used 1294K, committed 1408K, reserved 327680K
}
Event: 2.021 GC heap before
{Heap before GC invocations=2 (full 0):
 garbage-first heap   total 262144K, used 54399K [0x00000000e0000000, 0x0000000100000000)
  region size 1024K, 44 young (45056K), 1 survivors (1024K)
 Metaspace       used 21299K, committed 21504K, reserved 393216K
  class space    used 2537K, committed 2624K, reserved 327680K
}
Event: 2.025 GC heap after
{Heap after GC invocations=3 (full 0):
 garbage-first heap   total 262144K, used 19209K [0x00000000e0000000, 0x0000000100000000)
  region size 1024K, 9 young (9216K), 9 survivors (9216K)
 Metaspace       used 21299K, committed 21504K, reserved 393216K
  class space    used 2537K, committed 2624K, reserved 327680K
}
Event: 3.236 GC heap before
{Heap before GC invocations=4 (full 0):
 garbage-first heap   total 262144K, used 109321K [0x00000000e0000000, 0x0000000100000000)
  region size 1024K, 99 young (101376K), 9 survivors (9216K)
 Metaspace       used 35264K, committed 36096K, reserved 393216K
  class space    used 4931K, committed 5312K, reserved 327680K
}
Event: 3.242 GC heap after
{Heap after GC invocations=5 (full 0):
 garbage-first heap   total 262144K, used 24917K [0x00000000e0000000, 0x0000000100000000)
  region size 1024K, 14 young (14336K), 14 survivors (14336K)
 Metaspace       used 35264K, committed 36096K, reserved 393216K
  class space    used 4931K, committed 5312K, reserved 327680K
}
Event: 3.264 GC heap before
{Heap before GC invocations=5 (full 0):
 garbage-first heap   total 262144K, used 27989K [0x00000000e0000000, 0x0000000100000000)
  region size 1024K, 18 young (18432K), 14 survivors (14336K)
 Metaspace       used 35589K, committed 36416K, reserved 393216K
  class space    used 4985K, committed 5376K, reserved 327680K
}
Event: 3.268 GC heap after
{Heap after GC invocations=6 (full 0):
 garbage-first heap   total 262144K, used 24769K [0x00000000e0000000, 0x0000000100000000)
  region size 1024K, 6 young (6144K), 6 survivors (6144K)
 Metaspace       used 35589K, committed 36416K, reserved 393216K
  class space    used 4985K, committed 5376K, reserved 327680K
}
Event: 3.294 GC heap before
{Heap before GC invocations=6 (full 0):
 garbage-first heap   total 262144K, used 27841K [0x00000000e0000000, 0x0000000100000000)
  region size 1024K, 10 young (10240K), 6 survivors (6144K)
 Metaspace       used 35924K, committed 36736K, reserved 393216K
  class space    used 5046K, committed 5440K, reserved 327680K
}
Event: 3.296 GC heap after
{Heap after GC invocations=7 (full 0):
 garbage-first heap   total 262144K, used 24500K [0x00000000e0000000, 0x0000000100000000)
  region size 1024K, 6 young (6144K), 6 survivors (6144K)
 Metaspace       used 35924K, committed 36736K, reserved 393216K
  class space    used 5046K, committed 5440K, reserved 327680K
}
Event: 4.849 GC heap before
{Heap before GC invocations=8 (full 0):
 garbage-first heap   total 262144K, used 181172K [0x00000000e0000000, 0x0000000100000000)
  region size 1024K, 153 young (156672K), 6 survivors (6144K)
 Metaspace       used 55547K, committed 56960K, reserved 393216K
  class space    used 7846K, committed 8512K, reserved 327680K
}
Event: 4.859 GC heap after
{Heap after GC invocations=9 (full 0):
 garbage-first heap   total 262144K, used 39577K [0x00000000e0000000, 0x0000000100000000)
  region size 1024K, 19 young (19456K), 19 survivors (19456K)
 Metaspace       used 55547K, committed 56960K, reserved 393216K
  class space    used 7846K, committed 8512K, reserved 327680K
}

Dll operation events (3 events):
Event: 0.130 Loaded shared library E:\Program Files\Android\Android Studio\jbr\bin\java.dll
Event: 0.134 Loaded shared library E:\Program Files\Android\Android Studio\jbr\bin\zip.dll
Event: 0.527 Loaded shared library E:\Program Files\Android\Android Studio\jbr\bin\verify.dll

Deoptimization events (20 events):
Event: 4.870 Thread 0x000001ddab289a30 Uncommon trap: trap_request=0xffffff45 fr.pc=0x000001dd99bf60a8 relative=0x0000000000000108
Event: 4.870 Thread 0x000001ddab289a30 Uncommon trap: reason=unstable_if action=reinterpret pc=0x000001dd99bf60a8 method=org.objectweb.asm.ByteVector.putShort(I)Lorg/objectweb/asm/ByteVector; @ 13 c2
Event: 4.870 Thread 0x000001ddab289a30 DEOPT PACKING pc=0x000001dd99bf60a8 sp=0x00000089516f8de0
Event: 4.870 Thread 0x000001ddab289a30 DEOPT UNPACKING pc=0x000001dd994d46a2 sp=0x00000089516f8d78 mode 2
Event: 4.952 Thread 0x000001ddab289a30 Uncommon trap: trap_request=0xffffff45 fr.pc=0x000001dd99a93eb4 relative=0x00000000000001f4
Event: 4.952 Thread 0x000001ddab289a30 Uncommon trap: reason=unstable_if action=reinterpret pc=0x000001dd99a93eb4 method=java.net.URI$Parser.scan(IILjava/lang/String;)I @ 26 c2
Event: 4.952 Thread 0x000001ddab289a30 DEOPT PACKING pc=0x000001dd99a93eb4 sp=0x00000089516f98e0
Event: 4.952 Thread 0x000001ddab289a30 DEOPT UNPACKING pc=0x000001dd994d46a2 sp=0x00000089516f9870 mode 2
Event: 4.952 Thread 0x000001ddab289a30 Uncommon trap: trap_request=0xffffff45 fr.pc=0x000001dd99a8e82c relative=0x000000000000016c
Event: 4.952 Thread 0x000001ddab289a30 Uncommon trap: reason=unstable_if action=reinterpret pc=0x000001dd99a8e82c method=java.net.URI.match(CJJ)Z @ 45 c2
Event: 4.952 Thread 0x000001ddab289a30 DEOPT PACKING pc=0x000001dd99a8e82c sp=0x00000089516f9650
Event: 4.952 Thread 0x000001ddab289a30 DEOPT UNPACKING pc=0x000001dd994d46a2 sp=0x00000089516f9578 mode 2
Event: 4.952 Thread 0x000001ddab289a30 Uncommon trap: trap_request=0xffffff45 fr.pc=0x000001dd99a4fa78 relative=0x0000000000000058
Event: 4.952 Thread 0x000001ddab289a30 Uncommon trap: reason=unstable_if action=reinterpret pc=0x000001dd99a4fa78 method=java.net.URI.match(CJJ)Z @ 19 c2
Event: 4.952 Thread 0x000001ddab289a30 DEOPT PACKING pc=0x000001dd99a4fa78 sp=0x00000089516f9660
Event: 4.952 Thread 0x000001ddab289a30 DEOPT UNPACKING pc=0x000001dd994d46a2 sp=0x00000089516f95f0 mode 2
Event: 5.136 Thread 0x000001ddab289a30 Uncommon trap: trap_request=0xffffff45 fr.pc=0x000001dd99af18c4 relative=0x00000000000000a4
Event: 5.136 Thread 0x000001ddab289a30 Uncommon trap: reason=unstable_if action=reinterpret pc=0x000001dd99af18c4 method=java.lang.ref.ReferenceQueue.poll()Ljava/lang/ref/Reference; @ 4 c2
Event: 5.136 Thread 0x000001ddab289a30 DEOPT PACKING pc=0x000001dd99af18c4 sp=0x00000089516f6670
Event: 5.136 Thread 0x000001ddab289a30 DEOPT UNPACKING pc=0x000001dd994d46a2 sp=0x00000089516f6558 mode 2

Classes loaded (20 events):
Event: 4.956 Loading class javax/net/ssl/SSLPeerUnverifiedException
Event: 4.957 Loading class javax/net/ssl/SSLPeerUnverifiedException done
Event: 4.957 Loading class javax/naming/NamingException
Event: 4.957 Loading class javax/naming/NamingException done
Event: 4.957 Loading class javax/naming/InvalidNameException
Event: 4.957 Loading class javax/naming/InvalidNameException done
Event: 4.997 Loading class java/util/Collections$SingletonMap
Event: 4.997 Loading class java/util/Collections$SingletonMap done
Event: 5.135 Loading class java/util/AbstractCollectionBeanInfo
Event: 5.135 Loading class java/util/AbstractCollectionBeanInfo done
Event: 5.135 Loading class java/util/AbstractCollectionBeanInfo
Event: 5.135 Loading class java/util/AbstractCollectionBeanInfo done
Event: 5.136 Loading class java/util/AbstractCollectionCustomizer
Event: 5.136 Loading class java/util/AbstractCollectionCustomizer done
Event: 5.136 Loading class java/util/AbstractCollectionCustomizer
Event: 5.136 Loading class java/util/AbstractCollectionCustomizer done
Event: 5.136 Loading class sun/reflect/generics/tree/BooleanSignature
Event: 5.136 Loading class sun/reflect/generics/tree/BooleanSignature done
Event: 5.136 Loading class sun/reflect/generics/reflectiveObjects/GenericArrayTypeImpl
Event: 5.136 Loading class sun/reflect/generics/reflectiveObjects/GenericArrayTypeImpl done

Classes unloaded (0 events):
No events

Classes redefined (0 events):
No events

Internal exceptions (20 events):
Event: 5.022 Thread 0x000001ddab289a30 Exception <a 'java/lang/NoSuchMethodError'{0x00000000ef3c7258}: 'java.lang.Object java.lang.invoke.DirectMethodHandle$Holder.invokeSpecial(java.lang.Object, java.lang.Object, java.lang.Object, java.lang.Object, java.lang.Object, java.lang.Object, java.lang.Object, java.lang.Object, java.lang.Object, java.lang.Object, java.lang.Object, java.lang.Object, java.lang.Object, java.lang.Object, java.lang.Object, java.lang.Object, java.lang.Object, java.lang.Object, java.lang.Object, java.lang.Object, java.lang.Ob
Event: 5.022 Thread 0x000001ddab289a30 Exception <a 'java/lang/NoSuchMethodError'{0x00000000ef3cd0c8}: 'java.lang.Object java.lang.invoke.Invokers$Holder.invoker(java.lang.Object, java.lang.Object, java.lang.Object, java.lang.Object, java.lang.Object, java.lang.Object, java.lang.Object, java.lang.Object, java.lang.Object, java.lang.Object, java.lang.Object, java.lang.Object, java.lang.Object, java.lang.Object, java.lang.Object, java.lang.Object, java.lang.Object, java.lang.Object, java.lang.Object, java.lang.Object, java.lang.Object, java.lang.
Event: 5.022 Thread 0x000001ddab289a30 Exception <a 'java/lang/NoSuchMethodError'{0x00000000ef3d3938}: 'java.lang.Object java.lang.invoke.DelegatingMethodHandle$Holder.delegate(java.lang.Object, java.lang.Object, java.lang.Object, java.lang.Object, java.lang.Object, java.lang.Object, java.lang.Object, java.lang.Object, java.lang.Object, java.lang.Object, java.lang.Object, java.lang.Object, java.lang.Object, java.lang.Object, java.lang.Object, java.lang.Object, java.lang.Object, java.lang.Object, java.lang.Object, java.lang.Object, java.lang.Obj
Event: 5.043 Thread 0x000001ddab289a30 Exception <a 'java/lang/ClassNotFoundException'{0x00000000ef0a9940}: build_6hwt07l8y48orgdoyrs9ur10vBeanInfo> (0x00000000ef0a9940) 
thrown [s\src\hotspot\share\classfile\systemDictionary.cpp, line 312]
Event: 5.043 Thread 0x000001ddab289a30 Exception <a 'java/lang/ClassNotFoundException'{0x00000000ef0b2c48}: org/gradle/api/internal/project/ProjectScriptBeanInfo> (0x00000000ef0b2c48) 
thrown [s\src\hotspot\share\classfile\systemDictionary.cpp, line 312]
Event: 5.043 Thread 0x000001ddab289a30 Exception <a 'java/lang/ClassNotFoundException'{0x00000000ef0bbfe0}: org/gradle/api/internal/project/ProjectScriptCustomizer> (0x00000000ef0bbfe0) 
thrown [s\src\hotspot\share\classfile\systemDictionary.cpp, line 312]
Event: 5.044 Thread 0x000001ddab289a30 Exception <a 'java/lang/ClassNotFoundException'{0x00000000ef0d30c0}: build_6hwt07l8y48orgdoyrs9ur10vCustomizer> (0x00000000ef0d30c0) 
thrown [s\src\hotspot\share\classfile\systemDictionary.cpp, line 312]
Event: 5.134 Thread 0x000001ddab289a30 Exception <a 'java/lang/ClassNotFoundException'{0x00000000eeb60c80}: org/gradle/api/internal/artifacts/dsl/DefaultRepositoryHandler_DecoratedBeanInfo> (0x00000000eeb60c80) 
thrown [s\src\hotspot\share\classfile\systemDictionary.cpp, line 312]
Event: 5.134 Thread 0x000001ddab289a30 Exception <a 'java/lang/ClassNotFoundException'{0x00000000eeb751a8}: org/gradle/api/internal/artifacts/dsl/DefaultRepositoryHandlerBeanInfo> (0x00000000eeb751a8) 
thrown [s\src\hotspot\share\classfile\systemDictionary.cpp, line 312]
Event: 5.135 Thread 0x000001ddab289a30 Exception <a 'java/lang/ClassNotFoundException'{0x00000000eeb8a870}: org/gradle/api/internal/artifacts/DefaultArtifactRepositoryContainerBeanInfo> (0x00000000eeb8a870) 
thrown [s\src\hotspot\share\classfile\systemDictionary.cpp, line 312]
Event: 5.135 Thread 0x000001ddab289a30 Exception <a 'java/lang/ClassNotFoundException'{0x00000000eeb9d080}: org/gradle/api/internal/DefaultNamedDomainObjectListBeanInfo> (0x00000000eeb9d080) 
thrown [s\src\hotspot\share\classfile\systemDictionary.cpp, line 312]
Event: 5.135 Thread 0x000001ddab289a30 Exception <a 'java/lang/ClassNotFoundException'{0x00000000eebafcd8}: org/gradle/api/internal/DefaultNamedDomainObjectCollectionBeanInfo> (0x00000000eebafcd8) 
thrown [s\src\hotspot\share\classfile\systemDictionary.cpp, line 312]
Event: 5.135 Thread 0x000001ddab289a30 Exception <a 'java/lang/ClassNotFoundException'{0x00000000eebc2790}: org/gradle/api/internal/DefaultDomainObjectCollectionBeanInfo> (0x00000000eebc2790) 
thrown [s\src\hotspot\share\classfile\systemDictionary.cpp, line 312]
Event: 5.135 Thread 0x000001ddab289a30 Exception <a 'java/lang/ClassNotFoundException'{0x00000000eebc8ca0}: java/util/AbstractCollectionBeanInfo> (0x00000000eebc8ca0) 
thrown [s\src\hotspot\share\classfile\systemDictionary.cpp, line 312]
Event: 5.136 Thread 0x000001ddab289a30 Exception <a 'java/lang/ClassNotFoundException'{0x00000000eebcf178}: java/util/AbstractCollectionCustomizer> (0x00000000eebcf178) 
thrown [s\src\hotspot\share\classfile\systemDictionary.cpp, line 312]
Event: 5.137 Thread 0x000001ddab289a30 Exception <a 'java/lang/ClassNotFoundException'{0x00000000eebf2530}: org/gradle/api/internal/DefaultDomainObjectCollectionCustomizer> (0x00000000eebf2530) 
thrown [s\src\hotspot\share\classfile\systemDictionary.cpp, line 312]
Event: 5.138 Thread 0x000001ddab289a30 Exception <a 'java/lang/ClassNotFoundException'{0x00000000eea2b170}: org/gradle/api/internal/DefaultNamedDomainObjectCollectionCustomizer> (0x00000000eea2b170) 
thrown [s\src\hotspot\share\classfile\systemDictionary.cpp, line 312]
Event: 5.139 Thread 0x000001ddab289a30 Exception <a 'java/lang/ClassNotFoundException'{0x00000000eea73c48}: org/gradle/api/internal/DefaultNamedDomainObjectListCustomizer> (0x00000000eea73c48) 
thrown [s\src\hotspot\share\classfile\systemDictionary.cpp, line 312]
Event: 5.140 Thread 0x000001ddab289a30 Exception <a 'java/lang/ClassNotFoundException'{0x00000000eeabea08}: org/gradle/api/internal/artifacts/DefaultArtifactRepositoryContainerCustomizer> (0x00000000eeabea08) 
thrown [s\src\hotspot\share\classfile\systemDictionary.cpp, line 312]
Event: 5.141 Thread 0x000001ddab289a30 Exception <a 'java/lang/ClassNotFoundException'{0x00000000ee9049f8}: org/gradle/api/internal/artifacts/dsl/DefaultRepositoryHandlerCustomizer> (0x00000000ee9049f8) 
thrown [s\src\hotspot\share\classfile\systemDictionary.cpp, line 312]

ZGC Phase Switch (0 events):
No events

VM Operations (20 events):
Event: 4.157 Executing VM operation: HandshakeAllThreads (Deoptimize)
Event: 4.157 Executing VM operation: HandshakeAllThreads (Deoptimize) done
Event: 4.161 Executing VM operation: HandshakeAllThreads (Deoptimize)
Event: 4.161 Executing VM operation: HandshakeAllThreads (Deoptimize) done
Event: 4.205 Executing VM operation: HandshakeAllThreads (Deoptimize)
Event: 4.205 Executing VM operation: HandshakeAllThreads (Deoptimize) done
Event: 4.228 Executing VM operation: ICBufferFull
Event: 4.228 Executing VM operation: ICBufferFull done
Event: 4.339 Executing VM operation: HandshakeAllThreads (Deoptimize)
Event: 4.339 Executing VM operation: HandshakeAllThreads (Deoptimize) done
Event: 4.540 Executing VM operation: HandshakeAllThreads (Deoptimize)
Event: 4.540 Executing VM operation: HandshakeAllThreads (Deoptimize) done
Event: 4.595 Executing VM operation: ICBufferFull
Event: 4.596 Executing VM operation: ICBufferFull done
Event: 4.608 Executing VM operation: HandshakeAllThreads (Deoptimize)
Event: 4.608 Executing VM operation: HandshakeAllThreads (Deoptimize) done
Event: 4.745 Executing VM operation: HandshakeAllThreads (Deoptimize)
Event: 4.745 Executing VM operation: HandshakeAllThreads (Deoptimize) done
Event: 4.849 Executing VM operation: G1CollectForAllocation (G1 Evacuation Pause)
Event: 4.859 Executing VM operation: G1CollectForAllocation (G1 Evacuation Pause) done

Memory protections (0 events):
No events

Nmethod flushes (20 events):
Event: 3.301 Thread 0x000001dda4b0c810 flushing  nmethod 0x000001dd91f94590
Event: 3.301 Thread 0x000001dda4b0c810 flushing  nmethod 0x000001dd91f94a90
Event: 3.301 Thread 0x000001dda4b0c810 flushing  nmethod 0x000001dd91f94f90
Event: 3.301 Thread 0x000001dda4b0c810 flushing  nmethod 0x000001dd91f96e10
Event: 3.301 Thread 0x000001dda4b0c810 flushing  nmethod 0x000001dd91f97590
Event: 3.301 Thread 0x000001dda4b0c810 flushing  nmethod 0x000001dd91f98590
Event: 3.301 Thread 0x000001dda4b0c810 flushing  nmethod 0x000001dd91fc9890
Event: 3.301 Thread 0x000001dda4b0c810 flushing  nmethod 0x000001dd91fca690
Event: 3.301 Thread 0x000001dda4b0c810 flushing  nmethod 0x000001dd91fcfe90
Event: 3.301 Thread 0x000001dda4b0c810 flushing  nmethod 0x000001dd92038f10
Event: 3.301 Thread 0x000001dda4b0c810 flushing  nmethod 0x000001dd92075b90
Event: 3.301 Thread 0x000001dda4b0c810 flushing  nmethod 0x000001dd92076210
Event: 3.301 Thread 0x000001dda4b0c810 flushing  nmethod 0x000001dd92079b10
Event: 3.301 Thread 0x000001dda4b0c810 flushing  nmethod 0x000001dd92083610
Event: 3.301 Thread 0x000001dda4b0c810 flushing  nmethod 0x000001dd9211e410
Event: 3.301 Thread 0x000001dda4b0c810 flushing  nmethod 0x000001dd9211f790
Event: 3.301 Thread 0x000001dda4b0c810 flushing  nmethod 0x000001dd92123e10
Event: 3.301 Thread 0x000001dda4b0c810 flushing  nmethod 0x000001dd92185110
Event: 3.301 Thread 0x000001dda4b0c810 flushing  nmethod 0x000001dd921f6290
Event: 3.301 Thread 0x000001dda4b0c810 flushing  nmethod 0x000001dd921f6b90

Events (20 events):
Event: 3.322 Thread 0x000001ddab289a30 Thread added: 0x000001ddab28dbd0
Event: 3.523 Thread 0x000001ddab289a30 Thread added: 0x000001ddab28d540
Event: 3.553 Thread 0x000001ddab289a30 Thread added: 0x000001ddab28e8f0
Event: 3.934 Thread 0x000001ddabf73e80 Thread exited: 0x000001ddabf73e80
Event: 3.978 Thread 0x000001dda4cbb890 Thread added: 0x000001ddae6cd170
Event: 4.099 Thread 0x000001ddab289a30 Thread added: 0x000001ddacde0180
Event: 4.456 Thread 0x000001ddab289a30 Thread added: 0x000001ddacde3c90
Event: 4.458 Thread 0x000001ddab289a30 Thread added: 0x000001ddacde28e0
Event: 4.459 Thread 0x000001ddab289a30 Thread added: 0x000001ddacde4320
Event: 4.460 Thread 0x000001ddab289a30 Thread added: 0x000001ddacde1530
Event: 4.461 Thread 0x000001ddab289a30 Thread added: 0x000001ddacde0ea0
Event: 4.484 Thread 0x000001ddab289a30 Thread added: 0x000001ddacde49b0
Event: 4.524 Thread 0x000001ddab289a30 Thread added: 0x000001ddacde5040
Event: 4.547 Thread 0x000001ddab289a30 Thread added: 0x000001ddacde1bc0
Event: 4.563 Thread 0x000001ddab289a30 Thread added: 0x000001ddacde56d0
Event: 4.570 Thread 0x000001ddab289a30 Thread added: 0x000001ddacde2f70
Event: 4.633 Thread 0x000001ddab289a30 Thread added: 0x000001ddacde2250
Event: 4.642 Thread 0x000001ddab289a30 Thread added: 0x000001ddacde6a80
Event: 4.999 Thread 0x000001ddab289a30 Thread added: 0x000001ddacde63f0
Event: 5.037 Thread 0x000001ddab289a30 Thread added: 0x000001ddacde7110


Dynamic libraries:
0x00007ff7f2510000 - 0x00007ff7f251a000 	E:\Program Files\Android\Android Studio\jbr\bin\java.exe
0x00007ff884f60000 - 0x00007ff8851c7000 	C:\WINDOWS\SYSTEM32\ntdll.dll
0x00007ff883330000 - 0x00007ff8833f9000 	C:\WINDOWS\System32\KERNEL32.DLL
0x00007ff882790000 - 0x00007ff882b81000 	C:\WINDOWS\System32\KERNELBASE.dll
0x00007ff8819a0000 - 0x00007ff881aeb000 	C:\WINDOWS\System32\ucrtbase.dll
0x00007ff844460000 - 0x00007ff844478000 	E:\Program Files\Android\Android Studio\jbr\bin\jli.dll
0x00007ff878480000 - 0x00007ff87849b000 	E:\Program Files\Android\Android Studio\jbr\bin\VCRUNTIME140.dll
0x00007ff883a30000 - 0x00007ff883bf5000 	C:\WINDOWS\System32\USER32.dll
0x00007ff86cc20000 - 0x00007ff86ceb3000 	C:\WINDOWS\WinSxS\amd64_microsoft.windows.common-controls_6595b64144ccf1df_6.0.26100.7344_none_3e0a71fae332857b\COMCTL32.dll
0x00007ff882760000 - 0x00007ff882787000 	C:\WINDOWS\System32\win32u.dll
0x00007ff8840e0000 - 0x00007ff884189000 	C:\WINDOWS\System32\msvcrt.dll
0x00007ff884b60000 - 0x00007ff884b8b000 	C:\WINDOWS\System32\GDI32.dll
0x00007ff881b80000 - 0x00007ff881cab000 	C:\WINDOWS\System32\gdi32full.dll
0x00007ff8818f0000 - 0x00007ff881993000 	C:\WINDOWS\System32\msvcp_win.dll
0x00007ff884090000 - 0x00007ff8840c1000 	C:\WINDOWS\System32\IMM32.DLL
0x00007ff861610000 - 0x00007ff861702000 	E:\Program Files\Windhawk\Engine\1.6.1\64\windhawk.dll
0x00007ff883240000 - 0x00007ff8832f4000 	C:\WINDOWS\System32\ADVAPI32.dll
0x00007ff883140000 - 0x00007ff8831e6000 	C:\WINDOWS\System32\sechost.dll
0x00007ff882e30000 - 0x00007ff882f48000 	C:\WINDOWS\System32\RPCRT4.dll
0x00007ff860e80000 - 0x00007ff860ed8000 	C:\ProgramData\Windhawk\Engine\Mods\64\icon-resource-redirect_1.2.2_560696.dll
0x00007ff884b90000 - 0x00007ff884d27000 	C:\WINDOWS\System32\ole32.dll
0x00007ff8836a0000 - 0x00007ff883a26000 	C:\WINDOWS\System32\combase.dll
0x00007ff884960000 - 0x00007ff884a37000 	C:\WINDOWS\System32\OLEAUT32.dll
0x00007ff884190000 - 0x00007ff8848e0000 	C:\WINDOWS\System32\SHELL32.dll
0x00007ff882b90000 - 0x00007ff882cfa000 	C:\WINDOWS\System32\wintypes.dll
0x00007ff85f720000 - 0x00007ff85f8c9000 	C:\ProgramData\Windhawk\Engine\Mods\64\libc++.whl
0x00007ff85f8d0000 - 0x00007ff85f90a000 	C:\ProgramData\Windhawk\Engine\Mods\64\libunwind.whl
0x00007ff883460000 - 0x00007ff883556000 	C:\WINDOWS\System32\shcore.dll
0x00007ff85f450000 - 0x00007ff85f5fc000 	C:\WINDOWS\SYSTEM32\dui70.dll
0x00007ff85f410000 - 0x00007ff85f446000 	C:\ProgramData\Windhawk\Engine\Mods\64\translucent-windows_1.6.3_495747.dll
0x00007ff87e440000 - 0x00007ff87e4eb000 	C:\WINDOWS\SYSTEM32\UxTheme.dll
0x00007ff87e540000 - 0x00007ff87e570000 	C:\WINDOWS\SYSTEM32\dwmapi.dll
0x00007ff87ea80000 - 0x00007ff87f0bb000 	C:\WINDOWS\SYSTEM32\d2d1.dll
0x00007ff86d210000 - 0x00007ff86d218000 	C:\WINDOWS\SYSTEM32\MSIMG32.dll
0x00007ff8760c0000 - 0x00007ff8760cc000 	E:\Program Files\Android\Android Studio\jbr\bin\vcruntime140_1.dll
0x00007ff8443d0000 - 0x00007ff84445d000 	E:\Program Files\Android\Android Studio\jbr\bin\msvcp140.dll
0x00007fff90630000 - 0x00007fff912c6000 	E:\Program Files\Android\Android Studio\jbr\bin\server\jvm.dll
0x00007ff884ad0000 - 0x00007ff884b44000 	C:\WINDOWS\System32\WS2_32.dll
0x00007ff8816a0000 - 0x00007ff8816fe000 	C:\WINDOWS\SYSTEM32\POWRPROF.dll
0x00007ff878990000 - 0x00007ff8789c5000 	C:\WINDOWS\SYSTEM32\WINMM.dll
0x00007ff879280000 - 0x00007ff87928b000 	C:\WINDOWS\SYSTEM32\VERSION.dll
0x00007ff881680000 - 0x00007ff881694000 	C:\WINDOWS\SYSTEM32\UMPDC.dll
0x00007ff8805b0000 - 0x00007ff8805cb000 	C:\WINDOWS\SYSTEM32\kernel.appcore.dll
0x00007ff8760b0000 - 0x00007ff8760ba000 	E:\Program Files\Android\Android Studio\jbr\bin\jimage.dll
0x00007ff87f4a0000 - 0x00007ff87f6e2000 	C:\WINDOWS\SYSTEM32\DBGHELP.DLL
0x00007ff86ee60000 - 0x00007ff86ee9b000 	C:\WINDOWS\SYSTEM32\dbgcore.DLL
0x00007ff881840000 - 0x00007ff8818e5000 	C:\WINDOWS\System32\bcryptPrimitives.dll
0x00007ff8760d0000 - 0x00007ff8760de000 	E:\Program Files\Android\Android Studio\jbr\bin\instrument.dll
0x00007ff876090000 - 0x00007ff8760b0000 	E:\Program Files\Android\Android Studio\jbr\bin\java.dll
0x00007ff876070000 - 0x00007ff876088000 	E:\Program Files\Android\Android Studio\jbr\bin\zip.dll
0x00007ff881ef0000 - 0x00007ff882751000 	C:\WINDOWS\System32\windows.storage.dll
0x00007ff8848f0000 - 0x00007ff884957000 	C:\WINDOWS\System32\shlwapi.dll
0x00007ff881760000 - 0x00007ff881788000 	C:\WINDOWS\System32\profapi.dll
0x00007ff876060000 - 0x00007ff876070000 	E:\Program Files\Android\Android Studio\jbr\bin\net.dll
0x00007ff878570000 - 0x00007ff878698000 	C:\WINDOWS\SYSTEM32\WINHTTP.dll
0x00007ff880b00000 - 0x00007ff880b6b000 	C:\WINDOWS\system32\mswsock.dll
0x00007ff876040000 - 0x00007ff876056000 	E:\Program Files\Android\Android Studio\jbr\bin\nio.dll
0x00007ff8784f0000 - 0x00007ff878500000 	E:\Program Files\Android\Android Studio\jbr\bin\verify.dll
0x00007ff875dc0000 - 0x00007ff875de7000 	C:\Users\user\.gradle\native\c067742578af261105cb4f569cf0c3c89f3d7b1fecec35dd04571415982c5e48\windows-amd64\native-platform.dll
0x00007ff814b80000 - 0x00007ff814cc4000 	C:\Users\user\.gradle\native\38dada09dfb8b06ba9b0570ebf7e218e3eb74d4ef43ca46872605cf95ebc2f47\windows-amd64\native-platform-file-events.dll
0x00007ff875bd0000 - 0x00007ff875bd9000 	E:\Program Files\Android\Android Studio\jbr\bin\management.dll
0x00007ff875bc0000 - 0x00007ff875bcb000 	E:\Program Files\Android\Android Studio\jbr\bin\management_ext.dll
0x00007ff8840d0000 - 0x00007ff8840d8000 	C:\WINDOWS\System32\PSAPI.DLL
0x00007ff880ef0000 - 0x00007ff880f0b000 	C:\WINDOWS\SYSTEM32\CRYPTSP.dll
0x00007ff880510000 - 0x00007ff88054a000 	C:\WINDOWS\system32\rsaenh.dll
0x00007ff880bb0000 - 0x00007ff880bdb000 	C:\WINDOWS\SYSTEM32\USERENV.dll
0x00007ff881730000 - 0x00007ff88175a000 	C:\WINDOWS\SYSTEM32\bcrypt.dll
0x00007ff880d50000 - 0x00007ff880d5c000 	C:\WINDOWS\SYSTEM32\CRYPTBASE.dll
0x00007ff87fff0000 - 0x00007ff880024000 	C:\WINDOWS\SYSTEM32\IPHLPAPI.DLL
0x00007ff882f50000 - 0x00007ff882f5a000 	C:\WINDOWS\System32\NSI.dll
0x00007ff875c30000 - 0x00007ff875c39000 	E:\Program Files\Android\Android Studio\jbr\bin\extnet.dll
0x00007ff8696b0000 - 0x00007ff8696b8000 	C:\WINDOWS\system32\wshunix.dll

JVMTI agents:
C:\Users\user\.gradle\wrapper\dists\gradle-8.7-all\aan3ydargesu18aqyqjwhr3pc\gradle-8.7\lib\agents\gradle-instrumentation-agent-8.7.jar path:E:\Program Files\Android\Android Studio\jbr\bin\instrument.dll, loaded, initialized, instrumentlib options:none

dbghelp: loaded successfully - version: 4.0.5 - missing functions: none
symbol engine: initialized successfully - sym options: 0x614 - pdb path: .;E:\Program Files\Android\Android Studio\jbr\bin;C:\WINDOWS\SYSTEM32;C:\WINDOWS\WinSxS\amd64_microsoft.windows.common-controls_6595b64144ccf1df_6.0.26100.7344_none_3e0a71fae332857b;E:\Program Files\Windhawk\Engine\1.6.1\64;C:\ProgramData\Windhawk\Engine\Mods\64;E:\Program Files\Android\Android Studio\jbr\bin\server;C:\Users\user\.gradle\native\c067742578af261105cb4f569cf0c3c89f3d7b1fecec35dd04571415982c5e48\windows-amd64;C:\Users\user\.gradle\native\38dada09dfb8b06ba9b0570ebf7e218e3eb74d4ef43ca46872605cf95ebc2f47\windows-amd64

VM Arguments:
jvm_args: --add-opens=java.base/java.util=ALL-UNNAMED --add-opens=java.base/java.lang=ALL-UNNAMED --add-opens=java.base/java.lang.invoke=ALL-UNNAMED --add-opens=java.prefs/java.util.prefs=ALL-UNNAMED --add-opens=java.base/java.nio.charset=ALL-UNNAMED --add-opens=java.base/java.net=ALL-UNNAMED --add-opens=java.base/java.util.concurrent.atomic=ALL-UNNAMED -XX:MaxMetaspaceSize=384m -XX:+HeapDumpOnOutOfMemoryError -Xms256m -Xmx512m -Dfile.encoding=UTF-8 -Duser.country=US -Duser.language=en -Duser.variant -javaagent:C:\Users\user\.gradle\wrapper\dists\gradle-8.7-all\aan3ydargesu18aqyqjwhr3pc\gradle-8.7\lib\agents\gradle-instrumentation-agent-8.7.jar 
java_command: org.gradle.launcher.daemon.bootstrap.GradleDaemon 8.7
java_class_path (initial): C:\Users\user\.gradle\wrapper\dists\gradle-8.7-all\aan3ydargesu18aqyqjwhr3pc\gradle-8.7\lib\gradle-launcher-8.7.jar
Launcher Type: SUN_STANDARD

[Global flags]
     intx CICompilerCount                          = 4                                         {product} {ergonomic}
   size_t CompressedClassSpaceSize                 = 335544320                                 {product} {ergonomic}
     uint ConcGCThreads                            = 3                                         {product} {ergonomic}
     uint G1ConcRefinementThreads                  = 10                                        {product} {ergonomic}
   size_t G1HeapRegionSize                         = 1048576                                   {product} {ergonomic}
    uintx GCDrainStackTargetSize                   = 64                                        {product} {ergonomic}
     bool HeapDumpOnOutOfMemoryError               = true                                   {manageable} {command line}
   size_t InitialHeapSize                          = 268435456                                 {product} {command line}
   size_t MarkStackSize                            = 4194304                                   {product} {ergonomic}
   size_t MaxHeapSize                              = 536870912                                 {product} {command line}
   size_t MaxMetaspaceSize                         = 402653184                                 {product} {command line}
   size_t MaxNewSize                               = 321912832                                 {product} {ergonomic}
   size_t MinHeapDeltaBytes                        = 1048576                                   {product} {ergonomic}
   size_t MinHeapSize                              = 268435456                                 {product} {command line}
    uintx NonNMethodCodeHeapSize                   = 5839372                                {pd product} {ergonomic}
    uintx NonProfiledCodeHeapSize                  = 122909434                              {pd product} {ergonomic}
    uintx ProfiledCodeHeapSize                     = 122909434                              {pd product} {ergonomic}
    uintx ReservedCodeCacheSize                    = 251658240                              {pd product} {ergonomic}
     bool SegmentedCodeCache                       = true                                      {product} {ergonomic}
   size_t SoftMaxHeapSize                          = 536870912                              {manageable} {ergonomic}
     bool UseCompressedOops                        = true                           {product lp64_product} {ergonomic}
     bool UseG1GC                                  = true                                      {product} {ergonomic}
     bool UseLargePagesIndividualAllocation        = false                                  {pd product} {ergonomic}

Logging:
Log output configuration:
 #0: stdout all=warning uptime,level,tags foldmultilines=false
 #1: stderr all=off uptime,level,tags foldmultilines=false

Environment Variables:
PATH=E:\Program Files\Eclipse Adoptium\jdk-17.0.17.10-hotspot\bin;C:\Python313\Scripts\;C:\Python313\;E:\Oculus\Support\oculus-runtime;C:\Program Files (x86)\ImageMagick-7.0.10-Q8;C:\Program Files\Common Files\Oracle\Java\javapath;C:\Program Files (x86)\Common Files\Oracle\Java\java8path;C:\Program Files (x86)\Common Files\Oracle\Java\javapath;C:\WINDOWS\system32;C:\WINDOWS;C:\WINDOWS\System32\Wbem;C:\WINDOWS\System32\WindowsPowerShell\v1.0\;C:\WINDOWS\System32\OpenSSH\;C:\Program Files\dotnet\;E:\Touch Portal\plugins\adb\platform-tools;C:\MinGW\bin;C:\Users\user\anaconda3\;C:\Users\user\anaconda3\Scripts\;C:\Users\user\anaconda3\Library\bin\;C:\ProgramData\chocolatey\bin;C:\Program Files\HP\Common\HPDestPlgIn\;C:\Program Files (x86)\HP\Common\HPDestPlgIn\;E:\Program Files\GitHub CLI\;C:\Program Files\Git\cmd;E:\Program Files\nodejs\;E:\Program Files (x86)\ADB & Fastboot++\;C:\Program Files\PuTTY\;E:\Program Files\Apollo;E:\Program Files\Apollo\tools;C:\Program Files\Microsoft SQL Server\150\Tools\Binn\;D:\Program Files\Apollo;D:\Program Files\Apollo\tools;E:\Program Files\Arduino CLI\;C:\WINDOWS\system32;C:\WINDOWS;C:\WINDOWS\System32\Wbem;C:\WINDOWS\System32\WindowsPowerShell\v1.0\;C:\WINDOWS\System32\OpenSSH\;C:\Program Files\PowerToys\;E:\Program Files\PowerShell\7\;C:\Program Files\Intel\WiFi\bin\;C:\Program Files\Common Files\Intel\WirelessCommon\;C:\Program Files\usbipd-win\;D:\Program Files\YASB\;C:\Program Files\gsudo\Current;C:\Program Files\Tailscale\;C:\Gradle\gradle-8.4\bin;C:\Users\user\scoop\shims;C:\Users\user\AppData\Local\Microsoft\WindowsApps;C:\Users\user\AppData\Local\GitHubDesktop\bin;C:\Users\user\.dotnet\tools;C:\Users\user\AppData\Local\spicetify;C:\Users\user\AppData\Local\Microsoft\WindowsApps;C:\Program Files\HP\Common\HPDestPlgIn\;C:\Program Files (x86)\HP\Common\HPDestPlgIn\;C:\Program Files\JetBrains\PyCharm Community Edition 2024.3\bin;;C:\Users\user\AppData\Roaming\npm;C:\Users\user\AppData\Local\Google\Cloud SDK\google-cloud-sdk\bin;C:\Users\user\.dotnet\tools;C:\Users\user\AppData\Local\Microsoft\WinGet\Links;D:\Microsoft VS Code\bin;C:\Program Files\Intel\WiFi\bin\;C:\Program Files\Common Files\Intel\WirelessCommon\;C:\Program Files\Processing\;C:\Gradle\gradle-8.4\bin;
USERNAME=Aarush
OS=Windows_NT
PROCESSOR_IDENTIFIER=AMD64 Family 25 Model 80 Stepping 0, AuthenticAMD
TMP=C:\Users\user\AppData\Local\Temp
TEMP=C:\Users\user\AppData\Local\Temp




Periodic native trim disabled

JNI global refs:
JNI global refs: 26, weak refs: 0

JNI global refs memory usage: 835, weak refs: 833

Process memory usage:
Resident Set Size: 419524K (2% of 16118832K total physical memory with 855040K free physical memory)

OOME stack traces (most recent first):
Classloader memory used:
Loader org.gradle.internal.classloader.VisitableURLClassLoader                         : 27900K
Loader bootstrap                                                                       : 22492K
Loader org.gradle.initialization.MixInLegacyTypesClassLoader                           : 8258K
Loader jdk.internal.loader.ClassLoaders$PlatformClassLoader                            : 500K
Loader jdk.internal.loader.ClassLoaders$AppClassLoader                                 : 230K
Loader org.gradle.groovy.scripts.internal.DefaultScriptCompilationHandler$ScriptClassLoader: 134K
Loader jdk.internal.reflect.DelegatingClassLoader                                      : 27520B
Loader org.gradle.internal.classloader.VisitableURLClassLoader$InstrumentingVisitableURLClassLoader: 18488B
Loader org.codehaus.groovy.runtime.callsite.CallSiteClassLoader                        : 13712B

Classes loaded by more than one classloader:
Class org.gradle.internal.classloader.FilteringClassLoader                            : loaded 2 times (x 105B)
Class org.gradle.internal.classloader.ClassLoaderHierarchy                            : loaded 2 times (x 70B)
Class org.gradle.api.internal.classpath.ManifestUtil                                  : loaded 2 times (x 71B)
Class org.gradle.internal.classloader.DefaultClassLoaderFactory                       : loaded 2 times (x 82B)
Class org.gradle.internal.classloader.ClassLoaderVisitor                              : loaded 2 times (x 76B)
Class org.gradle.api.internal.classpath.EffectiveClassPath                            : loaded 2 times (x 90B)
Class org.gradle.api.internal.DefaultClassPathProvider                                : loaded 2 times (x 76B)
Class [Lorg.gradle.api.internal.ClassPathProvider;                                    : loaded 2 times (x 69B)
Class org.gradle.api.internal.ClassPathProvider                                       : loaded 2 times (x 70B)
Class org.gradle.internal.service.UnknownServiceException                             : loaded 2 times (x 83B)
Class org.gradle.internal.classpath.TransformedClassPath                              : loaded 2 times (x 96B)
Class org.gradle.internal.service.ServiceLocator                                      : loaded 2 times (x 70B)
Class org.gradle.internal.InternalTransformer                                         : loaded 2 times (x 70B)
Class org.gradle.internal.classloader.ClasspathUtil$1                                 : loaded 2 times (x 76B)
Class org.gradle.api.internal.classpath.DefaultModuleRegistry$DefaultModule           : loaded 2 times (x 86B)
Class org.gradle.api.internal.classpath.Module                                        : loaded 2 times (x 70B)
Class org.gradle.api.internal.classpath.UnknownModuleException                        : loaded 2 times (x 82B)
Class org.gradle.cache.GlobalCache                                                    : loaded 2 times (x 70B)
Class org.gradle.api.internal.DefaultClassPathRegistry                                : loaded 2 times (x 76B)
Class org.gradle.api.internal.ClassPathRegistry                                       : loaded 2 times (x 70B)
Class org.gradle.internal.classpath.DefaultClassPath$ImmutableUniqueList              : loaded 2 times (x 199B)
Class org.gradle.internal.classpath.ClassPath                                         : loaded 2 times (x 70B)
Class org.gradle.api.UncheckedIOException                                             : loaded 2 times (x 82B)
Class ijKotlinCoroutineJvmDebugInit1_9sv6alppme9gmt0k1rtk5kuhh$_run_closure1          : loaded 2 times (x 139B)
Class org.gradle.internal.installation.GradleInstallation$1                           : loaded 2 times (x 75B)
Class org.gradle.api.internal.classpath.ModuleRegistry                                : loaded 2 times (x 70B)
Class org.gradle.api.internal.classpath.DefaultModuleRegistry                         : loaded 2 times (x 86B)
Class org.gradle.internal.service.ServiceLookupException                              : loaded 2 times (x 82B)
Class org.gradle.internal.classloader.ClassLoaderFactory                              : loaded 2 times (x 70B)
Class org.gradle.internal.service.CachingServiceLocator                               : loaded 2 times (x 82B)
Class org.gradle.internal.classloader.ClasspathUtil                                   : loaded 2 times (x 71B)
Class ijJvmDebugger1_dgb1k7ejekh1sld7z8yo85rke                                        : loaded 2 times (x 179B)
Class org.gradle.api.specs.Spec                                                       : loaded 2 times (x 70B)
Class ijKotlinCoroutineJvmDebugInit1_9sv6alppme9gmt0k1rtk5kuhh                        : loaded 2 times (x 179B)
Class org.gradle.internal.classloader.VisitableURLClassLoader$InstrumentingVisitableURLClassLoader: loaded 2 times (x 123B)
Class org.gradle.internal.classloader.VisitableURLClassLoader$Spec                    : loaded 2 times (x 74B)
Class org.gradle.internal.classpath.DefaultClassPath                                  : loaded 2 times (x 90B)
Class org.gradle.internal.classloader.ClassLoaderSpec                                 : loaded 2 times (x 71B)
Class org.gradle.internal.classloader.VisitableURLClassLoader                         : loaded 2 times (x 117B)
Class org.gradle.internal.Cast                                                        : loaded 2 times (x 71B)
Class org.gradle.api.Action                                                           : loaded 2 times (x 70B)
Class org.gradle.internal.agents.InstrumentingClassLoader                             : loaded 2 times (x 70B)
Class org.gradle.internal.classpath.DefaultClassPath$ImmutableUniqueList$Builder      : loaded 2 times (x 75B)
Class org.gradle.api.GradleException                                                  : loaded 2 times (x 82B)
Class org.gradle.internal.IoActions                                                   : loaded 2 times (x 71B)
Class org.gradle.internal.classloader.SystemClassLoaderSpec                           : loaded 2 times (x 71B)
Class ijJvmDebugger1_dgb1k7ejekh1sld7z8yo85rke$_run_closure1                          : loaded 2 times (x 139B)
Class org.gradle.internal.installation.CurrentGradleInstallationLocator               : loaded 2 times (x 71B)
Class org.gradle.internal.service.DefaultServiceLocator                               : loaded 2 times (x 83B)
Class org.gradle.internal.installation.CurrentGradleInstallation                      : loaded 2 times (x 73B)
Class org.gradle.util.internal.GUtil                                                  : loaded 2 times (x 71B)
Class org.gradle.internal.installation.GradleInstallation                             : loaded 2 times (x 75B)

---------------  S Y S T E M  ---------------

OS:
 Windows 11 , 64 bit Build 26100 (10.0.26100.7523)
OS uptime: 0 days 2:31 hours
Hyper-V role detected

CPU: total 12 (initial active 12) (12 cores per cpu, 2 threads per core) family 25 model 80 stepping 0 microcode 0xa50000d, cx8, cmov, fxsr, ht, mmx, 3dnowpref, sse, sse2, sse3, ssse3, sse4a, sse4.1, sse4.2, popcnt, lzcnt, tsc, tscinvbit, avx, avx2, aes, erms, clmul, bmi1, bmi2, adx, sha, fma, vzeroupper, clflush, clflushopt, hv, rdtscp, rdpid, fsrm, f16c, cet_ss
Processor Information for the first 12 processors :
  Max Mhz: 3901, Current Mhz: 3901, Mhz Limit: 3901

Memory: 4k page, system-wide physical 15741M (835M free)
TotalPageFile size 23933M (AvailPageFile size 74M)
current process WorkingSet (physical memory assigned to process): 409M, peak: 409M
current process commit charge ("private bytes"): 510M, peak: 512M

vm_info: OpenJDK 64-Bit Server VM (21.0.8+-14196175-b1038.72) for windows-amd64 JRE (21.0.8+-14196175-b1038.72), built on 2025-10-01T10:24:33Z by "builder" with MS VC++ 16.10 / 16.11 (VS2019)

END.
